finish loading cfg.
Training configuration:
  World size: 1
  Using device: cuda:0
  Checkpoint dir: checkpoints
Epoch 0 Step 0 Loss 11.036
Epoch 0 Step 1 Loss 11.116
Epoch 0 Step 2 Loss 11.117
Epoch 0 Step 3 Loss 11.266
Epoch 0 Step 4 Loss 11.157
Epoch 0 Step 5 Loss 10.966
Epoch 0 Step 6 Loss 10.960
Epoch 0 Step 7 Loss 11.011
Epoch 0 Step 8 Loss 11.160
Epoch 0 Step 9 Loss 11.073
Epoch 0 Step 10 Loss 11.018
Epoch 0 Step 11 Loss 11.135
Epoch 0 Step 12 Loss 11.235
Epoch 0 Step 13 Loss 10.932
Epoch 0 Step 14 Loss 11.046
Epoch 0 Step 15 Loss 11.071
Epoch 0 Step 16 Loss 11.099
Epoch 0 Step 17 Loss 11.243
Epoch 0 Step 18 Loss 11.183
Epoch 0 Step 19 Loss 11.022
Epoch 0 Step 20 Loss 11.146
Epoch 0 Step 21 Loss 11.145
Epoch 0 Step 22 Loss 11.247
Epoch 0 Step 23 Loss 11.061
Epoch 0 Step 24 Loss 11.077
Epoch 0 Step 25 Loss 11.189
Epoch 0 Step 26 Loss 11.132
Epoch 0 Step 27 Loss 11.161
Epoch 0 Step 28 Loss 11.074
Epoch 0 Step 29 Loss 11.064
Epoch 0 Step 30 Loss 11.031
Epoch 0 Step 31 Loss 11.318
Epoch 0 Step 32 Loss 11.009
Epoch 0 Step 33 Loss 10.869
Epoch 0 Step 34 Loss 10.941
Epoch 0 Step 35 Loss 10.956
Epoch 0 Step 36 Loss 10.859
Epoch 0 Step 37 Loss 10.951
Epoch 0 Step 38 Loss 10.956
Epoch 0 Step 39 Loss 10.906
Epoch 0 Step 40 Loss 11.137
Epoch 0 Step 41 Loss 10.942
Epoch 0 Step 42 Loss 10.944
Epoch 0 Step 43 Loss 10.906
Epoch 0 Step 44 Loss 11.007
Epoch 0 Step 45 Loss 10.895
Epoch 0 Step 46 Loss 11.189
Epoch 0 Step 47 Loss 11.045
Epoch 0 Step 48 Loss 11.019
Epoch 0 Step 49 Loss 10.962
Epoch 0 Step 50 Loss 10.907
Epoch 0 Step 51 Loss 10.979
Epoch 0 Step 52 Loss 10.909
Epoch 0 Step 53 Loss 11.062
Epoch 0 Step 54 Loss 10.738
Epoch 0 Step 55 Loss 10.893
Epoch 0 Step 56 Loss 10.835
Epoch 0 Step 57 Loss 10.969
Epoch 0 Step 58 Loss 10.924
Epoch 0 Step 59 Loss 10.985
Epoch 0 Step 60 Loss 11.031
Epoch 0 Step 61 Loss 10.976
Epoch 0 Step 62 Loss 10.954
Epoch 0 Step 63 Loss 10.858
Epoch 0 Step 64 Loss 10.737
Epoch 0 Step 65 Loss 10.838
Epoch 0 Step 66 Loss 10.821
Epoch 0 Step 67 Loss 10.932
Epoch 0 Step 68 Loss 10.670
Epoch 0 Step 69 Loss 10.940
Epoch 0 Step 70 Loss 10.855
Epoch 0 Step 71 Loss 10.848
Epoch 0 Step 72 Loss 10.987
Epoch 0 Step 73 Loss 10.916
Epoch 0 Step 74 Loss 10.975
Epoch 0 Step 75 Loss 10.983
Epoch 0 Step 76 Loss 10.916
Epoch 0 Step 77 Loss 10.945
Epoch 0 Step 78 Loss 10.700
Epoch 0 Step 79 Loss 10.785
Epoch 0 Step 80 Loss 10.917
Epoch 0 Step 81 Loss 10.908
Epoch 0 Step 82 Loss 10.731
Epoch 0 Step 83 Loss 10.631
Epoch 0 Step 84 Loss 10.780
Epoch 0 Step 85 Loss 10.787
Epoch 0 Step 86 Loss 10.843
Epoch 0 Step 87 Loss 10.874
Epoch 0 Step 88 Loss 10.653
Epoch 0 Step 89 Loss 10.809
Epoch 0 Step 90 Loss 10.881
Epoch 0 Step 91 Loss 10.768
Epoch 0 Step 92 Loss 10.872
Epoch 0 Step 93 Loss 10.868
Epoch 0 Step 94 Loss 10.778
Epoch 0 Step 95 Loss 10.831
Epoch 0 Step 96 Loss 10.635
Epoch 0 Step 97 Loss 10.678
Epoch 0 Step 98 Loss 10.550
Epoch 0 Step 99 Loss 10.591
Epoch 0 Step 100 Loss 10.778
Epoch 0 Step 101 Loss 10.740
Epoch 0 Step 102 Loss 10.587
Epoch 0 Step 103 Loss 10.722
Epoch 0 Step 104 Loss 10.695
Epoch 0 Step 105 Loss 10.658
Epoch 0 Step 106 Loss 10.680
Epoch 0 Step 107 Loss 10.672
Epoch 0 Step 108 Loss 10.960
Epoch 0 Step 109 Loss 10.433
Epoch 0 Step 110 Loss 10.525
Epoch 0 Step 111 Loss 10.750
Epoch 0 Step 112 Loss 10.553
Epoch 0 Step 113 Loss 10.358
Epoch 0 Step 114 Loss 10.490
Epoch 0 Step 115 Loss 10.727
Epoch 0 Step 116 Loss 10.424
Epoch 0 Step 117 Loss 10.597
Epoch 0 Step 118 Loss 10.406
Epoch 0 Step 119 Loss 10.519
Epoch 0 Step 120 Loss 10.590
Epoch 0 Step 121 Loss 10.545
Epoch 0 Step 122 Loss 10.538
Epoch 0 Step 123 Loss 10.583
Epoch 0 Step 124 Loss 10.569
Epoch 0 Step 125 Loss 10.677
Epoch 0 Step 126 Loss 10.599
Epoch 0 Step 127 Loss 10.431
Epoch 0 Step 128 Loss 10.630
Epoch 0 Step 129 Loss 10.298
Epoch 0 Step 130 Loss 10.311
Epoch 0 Step 131 Loss 10.569
Epoch 0 Step 132 Loss 10.443
Epoch 0 Step 133 Loss 10.551
Epoch 0 Step 134 Loss 10.491
Epoch 0 Step 135 Loss 10.347
Epoch 0 Step 136 Loss 10.452
Epoch 0 Step 137 Loss 10.335
Epoch 0 Step 138 Loss 10.315
Epoch 0 Step 139 Loss 10.389
Epoch 0 Step 140 Loss 10.192
Epoch 0 Step 141 Loss 10.583
Epoch 0 Step 142 Loss 10.356
Epoch 0 Step 143 Loss 10.308
Epoch 0 Step 144 Loss 10.426
Epoch 0 Step 145 Loss 10.702
Epoch 0 Step 146 Loss 10.518
Epoch 0 Step 147 Loss 9.817
Epoch 0 Step 148 Loss 10.263
Epoch 0 Step 149 Loss 10.265
Epoch 0 Step 150 Loss 10.338
Epoch 0 Step 151 Loss 10.305
Epoch 0 Step 152 Loss 10.264
Epoch 0 Step 153 Loss 10.356
Epoch 0 Step 154 Loss 10.342
Epoch 0 Step 155 Loss 10.004
Epoch 0 Step 156 Loss 10.250
Epoch 0 Step 157 Loss 10.356
Epoch 0 Step 158 Loss 10.269
Epoch 0 Step 159 Loss 9.835
Epoch 0 Step 160 Loss 9.817
Epoch 0 Step 161 Loss 10.264
Epoch 0 Step 162 Loss 10.028
Epoch 0 Step 163 Loss 10.191
Epoch 0 Step 164 Loss 10.063
Epoch 0 Step 165 Loss 9.991
Epoch 0 Step 166 Loss 10.236
Epoch 0 Step 167 Loss 10.258
Epoch 0 Step 168 Loss 10.099
Epoch 0 Step 169 Loss 10.221
Epoch 0 Step 170 Loss 9.928
Epoch 0 Step 171 Loss 9.729
Epoch 0 Step 172 Loss 10.024
Epoch 0 Step 173 Loss 9.970
Epoch 0 Step 174 Loss 9.654
Epoch 0 Step 175 Loss 9.781
Epoch 0 Step 176 Loss 10.387
Epoch 0 Step 177 Loss 10.075
Epoch 0 Step 178 Loss 10.032
Epoch 0 Step 179 Loss 9.771
Epoch 0 Step 180 Loss 9.855
Epoch 0 Step 181 Loss 9.867
Epoch 0 Step 182 Loss 9.844
Epoch 0 Step 183 Loss 9.683
Epoch 0 Step 184 Loss 10.215
Epoch 0 Step 185 Loss 9.749
Epoch 0 Step 186 Loss 9.673
Epoch 0 Step 187 Loss 9.909
Epoch 0 Step 188 Loss 9.778
Epoch 0 Step 189 Loss 9.672
Epoch 0 Step 190 Loss 9.950
Epoch 0 Step 191 Loss 9.763
Epoch 0 Step 192 Loss 9.733
Epoch 0 Step 193 Loss 9.825
Epoch 0 Step 194 Loss 9.755
Epoch 0 Step 195 Loss 10.127
Epoch 0 Step 196 Loss 9.430
Epoch 0 Step 197 Loss 9.409
Epoch 0 Step 198 Loss 9.943
Epoch 0 Step 199 Loss 9.681
Epoch 0 Step 200 Loss 10.081
Epoch 0 Step 201 Loss 9.499
Epoch 0 Step 202 Loss 9.962
Epoch 0 Step 203 Loss 9.240
Epoch 0 Step 204 Loss 9.398
Epoch 0 Step 205 Loss 9.461
Epoch 0 Step 206 Loss 9.463
Epoch 0 Step 207 Loss 9.564
Epoch 0 Step 208 Loss 9.436
Epoch 0 Step 209 Loss 9.519
Epoch 0 Step 210 Loss 9.260
Epoch 0 Step 211 Loss 9.592
Epoch 0 Step 212 Loss 9.572
Epoch 0 Step 213 Loss 9.073
Epoch 0 Step 214 Loss 9.552
Epoch 0 Step 215 Loss 9.809
Epoch 0 Step 216 Loss 9.362
Epoch 0 Step 217 Loss 9.516
Epoch 0 Step 218 Loss 9.366
Epoch 0 Step 219 Loss 8.916
Epoch 0 Step 220 Loss 9.190
Epoch 0 Step 221 Loss 9.339
Epoch 0 Step 222 Loss 8.369
Epoch 0 Step 223 Loss 9.223
Epoch 0 Step 224 Loss 9.568
Epoch 0 Step 225 Loss 9.113
Epoch 0 Step 226 Loss 9.405
Epoch 0 Step 227 Loss 8.921
Epoch 0 Step 228 Loss 9.427
Epoch 0 Step 229 Loss 9.283
Epoch 0 Step 230 Loss 9.895
Epoch 0 Step 231 Loss 8.858
Epoch 0 Step 232 Loss 9.173
Epoch 0 Step 233 Loss 9.111
Epoch 0 Step 234 Loss 9.779
Epoch 0 Step 235 Loss 8.658
Epoch 0 Step 236 Loss 9.503
Epoch 0 Step 237 Loss 9.458
Epoch 0 Step 238 Loss 9.356
Epoch 0 Step 239 Loss 9.518
Epoch 0 Step 240 Loss 9.572
Epoch 0 Step 241 Loss 8.635
Epoch 0 Step 242 Loss 8.963
Epoch 0 Step 243 Loss 9.382
Epoch 0 Step 244 Loss 9.467
Epoch 0 Step 245 Loss 8.982
Epoch 0 Step 246 Loss 9.222
Epoch 0 Step 247 Loss 8.842
Epoch 0 Step 248 Loss 8.818
Epoch 0 Step 249 Loss 9.558
Epoch 0 Step 250 Loss 8.380
Epoch 0 Step 251 Loss 9.008
Epoch 0 Step 252 Loss 8.787
Epoch 0 Step 253 Loss 9.824
Epoch 0 Step 254 Loss 8.766
Epoch 0 Step 255 Loss 9.289
Epoch 0 Step 256 Loss 9.643
Epoch 0 Step 257 Loss 8.694
Epoch 0 Step 258 Loss 8.635
Epoch 0 Step 259 Loss 8.797
Epoch 0 Step 260 Loss 9.094
Epoch 0 Step 261 Loss 9.223
Epoch 0 Step 262 Loss 9.426
Epoch 0 Step 263 Loss 9.133
Epoch 0 Step 264 Loss 9.293
Epoch 0 Step 265 Loss 8.570
Epoch 0 Step 266 Loss 8.351
Epoch 0 Step 267 Loss 9.075
Epoch 0 Step 268 Loss 8.584
Epoch 0 Step 269 Loss 8.839
Epoch 0 Step 270 Loss 9.229
Epoch 0 Step 271 Loss 8.657
Epoch 0 Step 272 Loss 9.636
Epoch 0 Step 273 Loss 8.949
Epoch 0 Step 274 Loss 8.862
Epoch 0 Step 275 Loss 9.286
Epoch 0 Step 276 Loss 9.323
Epoch 0 Step 277 Loss 8.960
Epoch 0 Step 278 Loss 9.080
Epoch 0 Step 279 Loss 8.637
Epoch 0 Step 280 Loss 9.495
Epoch 0 Step 281 Loss 8.253
Epoch 0 Step 282 Loss 8.458
Epoch 0 Step 283 Loss 9.067
Epoch 0 Step 284 Loss 9.166
Epoch 0 Step 285 Loss 8.447
Epoch 0 Step 286 Loss 9.248
Epoch 0 Step 287 Loss 9.194
Epoch 0 Step 288 Loss 9.517
Epoch 0 Step 289 Loss 9.824
Epoch 0 Step 290 Loss 9.273
Epoch 0 Step 291 Loss 9.267
Epoch 0 Step 292 Loss 9.312
Epoch 0 Step 293 Loss 9.431
Epoch 0 Step 294 Loss 8.388
Epoch 0 Step 295 Loss 9.112
Epoch 0 Step 296 Loss 8.985
Epoch 0 Step 297 Loss 9.409
Epoch 0 Step 298 Loss 9.072
Epoch 0 Step 299 Loss 8.696
Epoch 0 Step 300 Loss 9.354
Epoch 0 Step 301 Loss 9.290
Epoch 0 Step 302 Loss 8.264
Epoch 0 Step 303 Loss 8.862
Epoch 0 Step 304 Loss 9.052
Epoch 0 Step 305 Loss 9.154
Epoch 0 Step 306 Loss 8.653
Epoch 0 Step 307 Loss 9.033
Epoch 0 Step 308 Loss 8.427
Epoch 0 Step 309 Loss 9.319
Epoch 0 Step 310 Loss 8.994
Epoch 0 Step 311 Loss 8.136
Epoch 0 Step 312 Loss 8.244
Epoch 0 Step 313 Loss 8.703
Epoch 0 Step 314 Loss 8.652
Epoch 0 Step 315 Loss 9.041
Epoch 0 Step 316 Loss 8.478
Epoch 0 Step 317 Loss 9.542
Epoch 0 Step 318 Loss 8.007
Epoch 0 Step 319 Loss 9.262
Epoch 0 Step 320 Loss 8.862
Epoch 0 Step 321 Loss 9.163
Epoch 0 Step 322 Loss 9.042
Epoch 0 Step 323 Loss 9.314
Epoch 0 Step 324 Loss 8.831
Epoch 0 Step 325 Loss 8.436
Epoch 0 Step 326 Loss 8.552
Epoch 0 Step 327 Loss 9.080
Epoch 0 Step 328 Loss 9.567
Epoch 0 Step 329 Loss 9.230
Epoch 0 Step 330 Loss 8.508
Epoch 0 Step 331 Loss 8.667
Epoch 0 Step 332 Loss 8.458
Epoch 0 Step 333 Loss 8.759
Epoch 0 Step 334 Loss 8.787
Epoch 0 Step 335 Loss 8.714
Epoch 0 Step 336 Loss 9.439
Epoch 0 Step 337 Loss 8.826
Epoch 0 Step 338 Loss 9.340
Epoch 0 Step 339 Loss 8.768
Epoch 0 Step 340 Loss 8.161
Epoch 0 Step 341 Loss 8.848
Epoch 0 Step 342 Loss 8.980
Epoch 0 Step 343 Loss 8.873
Epoch 0 Step 344 Loss 9.441
Epoch 0 Step 345 Loss 9.324
Epoch 0 Step 346 Loss 8.647
Epoch 0 Step 347 Loss 8.722
Epoch 0 Step 348 Loss 8.047
Epoch 0 Step 349 Loss 9.093
Epoch 0 Step 350 Loss 8.755
Epoch 0 Step 351 Loss 9.178
Epoch 0 Step 352 Loss 9.070
Epoch 0 Step 353 Loss 9.252
Epoch 0 Step 354 Loss 8.895
Epoch 0 Step 355 Loss 9.095
Epoch 0 Step 356 Loss 8.985
Epoch 0 Step 357 Loss 9.652
Epoch 0 Step 358 Loss 8.586
Epoch 0 Step 359 Loss 8.925
Epoch 0 Step 360 Loss 9.699
Epoch 0 Step 361 Loss 9.513
Epoch 0 Step 362 Loss 8.574
Epoch 0 Step 363 Loss 9.979
Epoch 0 Step 364 Loss 9.448
Epoch 0 Step 365 Loss 8.714
Epoch 0 Step 366 Loss 9.229
Epoch 0 Step 367 Loss 8.967
Epoch 0 Step 368 Loss 9.708
Epoch 0 Step 369 Loss 9.239
Epoch 0 Step 370 Loss 8.645
Epoch 0 Step 371 Loss 8.895
Epoch 0 Step 372 Loss 9.233
Epoch 0 Step 373 Loss 9.532
Epoch 0 Step 374 Loss 8.251
Epoch 0 Step 375 Loss 8.652
Epoch 0 Step 376 Loss 9.024
Epoch 0 Step 377 Loss 9.154
Epoch 0 Step 378 Loss 9.471
Epoch 0 Step 379 Loss 9.160
Epoch 0 Step 380 Loss 9.073
Epoch 0 Step 381 Loss 9.150
Epoch 0 Step 382 Loss 9.446
Epoch 0 Step 383 Loss 9.265
Epoch 0 Step 384 Loss 7.497
Epoch 0 Step 385 Loss 9.052
Epoch 0 Step 386 Loss 8.511
Epoch 0 Step 387 Loss 9.365
Epoch 0 Step 388 Loss 9.281
Epoch 0 Step 389 Loss 8.403
Epoch 0 Step 390 Loss 8.785
Epoch 0 Step 391 Loss 9.423
Epoch 0 Step 392 Loss 9.288
Epoch 0 Step 393 Loss 8.540
Epoch 0 Step 394 Loss 9.104
Epoch 0 Step 395 Loss 8.413
Epoch 0 Step 396 Loss 8.503
Epoch 0 Step 397 Loss 9.279
Epoch 0 Step 398 Loss 8.585
Epoch 0 Step 399 Loss 9.133
Epoch 0 Step 400 Loss 9.159
Epoch 0 Step 401 Loss 9.155
Epoch 0 Step 402 Loss 8.651
Epoch 0 Step 403 Loss 8.831
Epoch 0 Step 404 Loss 8.560
Epoch 0 Step 405 Loss 8.288
Epoch 0 Step 406 Loss 9.360
Epoch 0 Step 407 Loss 8.775
Epoch 0 Step 408 Loss 8.075
Epoch 0 Step 409 Loss 9.212
Epoch 0 Step 410 Loss 8.813
Epoch 0 Step 411 Loss 9.056
Epoch 0 Step 412 Loss 9.083
Epoch 0 Step 413 Loss 9.363
Epoch 0 Step 414 Loss 8.888
Epoch 0 Step 415 Loss 9.022
Epoch 0 Step 416 Loss 9.305
Epoch 0 Step 417 Loss 8.371
Epoch 0 Step 418 Loss 8.754
Epoch 0 Step 419 Loss 9.243
Epoch 0 Step 420 Loss 9.174
Epoch 0 Step 421 Loss 8.273
Epoch 0 Step 422 Loss 9.434
Epoch 0 Step 423 Loss 8.462
Epoch 0 Step 424 Loss 8.542
Epoch 0 Step 425 Loss 8.891
Epoch 0 Step 426 Loss 8.260
Epoch 0 Step 427 Loss 8.888
Epoch 0 Step 428 Loss 9.017
Epoch 0 Step 429 Loss 8.626
Epoch 0 Step 430 Loss 9.128
Epoch 0 Step 431 Loss 8.650
Epoch 0 Step 432 Loss 9.023
Epoch 0 Step 433 Loss 8.816
Epoch 0 Step 434 Loss 8.836
Epoch 0 Step 435 Loss 8.416
Epoch 0 Step 436 Loss 8.717
Epoch 0 Step 437 Loss 8.873
Epoch 0 Step 438 Loss 8.743
Epoch 0 Step 439 Loss 8.380
Epoch 0 Step 440 Loss 8.579
Epoch 0 Step 441 Loss 8.537
Epoch 0 Step 442 Loss 8.510
Epoch 0 Step 443 Loss 9.086
Epoch 0 Step 444 Loss 8.980
Epoch 0 Step 445 Loss 8.755
Epoch 0 Step 446 Loss 7.972
Epoch 0 Step 447 Loss 9.272
Epoch 0 Step 448 Loss 8.886
Epoch 0 Step 449 Loss 8.728
Epoch 0 Step 450 Loss 8.738
Epoch 0 Step 451 Loss 8.794
Epoch 0 Step 452 Loss 8.569
Epoch 0 Step 453 Loss 9.150
Epoch 0 Step 454 Loss 8.957
Epoch 0 Step 455 Loss 8.586
Epoch 0 Step 456 Loss 8.648
Epoch 0 Step 457 Loss 8.883
Epoch 0 Step 458 Loss 8.808
Epoch 0 Step 459 Loss 9.357
Epoch 0 Step 460 Loss 8.849
Epoch 0 Step 461 Loss 8.572
Epoch 0 Step 462 Loss 9.260
Epoch 0 Step 463 Loss 8.291
Epoch 0 Step 464 Loss 8.956
Epoch 0 Step 465 Loss 8.691
Epoch 0 Step 466 Loss 9.021
Epoch 0 Step 467 Loss 8.957
Epoch 0 Step 468 Loss 8.480
Epoch 0 Step 469 Loss 9.727
Epoch 0 Step 470 Loss 8.622
Epoch 0 Step 471 Loss 8.860
Epoch 0 Step 472 Loss 8.504
Epoch 0 Step 473 Loss 9.035
Epoch 0 Step 474 Loss 8.610
Epoch 0 Step 475 Loss 8.812
Epoch 0 Step 476 Loss 9.024
Epoch 0 Step 477 Loss 8.766
Epoch 0 Step 478 Loss 9.436
Epoch 0 Step 479 Loss 8.521
Epoch 0 Step 480 Loss 8.406
Epoch 0 Step 481 Loss 9.072
Epoch 0 Step 482 Loss 8.783
Epoch 0 Step 483 Loss 8.568
Epoch 0 Step 484 Loss 8.889
Epoch 0 Step 485 Loss 7.921
Epoch 0 Step 486 Loss 8.615
Epoch 0 Step 487 Loss 9.243
Epoch 0 Step 488 Loss 9.434
Epoch 0 Step 489 Loss 9.125
Epoch 0 Step 490 Loss 9.533
Epoch 0 Step 491 Loss 8.006
Epoch 0 Step 492 Loss 8.688
Epoch 0 Step 493 Loss 8.946
Epoch 0 Step 494 Loss 8.518
Epoch 0 Step 495 Loss 9.191
Epoch 0 Step 496 Loss 8.815
Epoch 0 Step 497 Loss 8.972
Epoch 0 Step 498 Loss 8.083
Epoch 0 Step 499 Loss 9.426
Epoch 0 Step 500 Loss 8.984
Epoch 0 Step 501 Loss 8.906
Epoch 0 Step 502 Loss 8.937
Epoch 0 Step 503 Loss 8.470
Epoch 0 Step 504 Loss 9.228
Epoch 0 Step 505 Loss 8.569
Epoch 0 Step 506 Loss 8.689
Epoch 0 Step 507 Loss 9.470
Epoch 0 Step 508 Loss 7.923
Epoch 0 Step 509 Loss 8.765
Epoch 0 Step 510 Loss 9.262
Epoch 0 Step 511 Loss 9.135
Epoch 0 Step 512 Loss 8.582
Epoch 0 Step 513 Loss 9.177
Epoch 0 Step 514 Loss 8.980
Epoch 0 Step 515 Loss 8.980
Epoch 0 Step 516 Loss 8.636
Epoch 0 Step 517 Loss 9.197
Epoch 0 Step 518 Loss 9.087
Epoch 0 Step 519 Loss 8.028
Epoch 0 Step 520 Loss 9.119
Epoch 0 Step 521 Loss 8.539
Epoch 0 Step 522 Loss 8.445
Epoch 0 Step 523 Loss 8.963
Epoch 0 Step 524 Loss 8.755
Epoch 0 Step 525 Loss 9.285
Epoch 0 Step 526 Loss 8.545
Epoch 0 Step 527 Loss 8.336
Epoch 0 Step 528 Loss 9.484
Epoch 0 Step 529 Loss 7.652
Epoch 0 Step 530 Loss 8.653
Epoch 0 Step 531 Loss 9.006
Epoch 0 Step 532 Loss 9.346
Epoch 0 Step 533 Loss 8.833
Epoch 0 Step 534 Loss 8.832
Epoch 0 Step 535 Loss 8.796
Epoch 0 Step 536 Loss 8.517
Epoch 0 Step 537 Loss 8.843
Epoch 0 Step 538 Loss 8.538
Epoch 0 Step 539 Loss 9.023
Epoch 0 Step 540 Loss 8.384
Epoch 0 Step 541 Loss 8.979
Epoch 0 Step 542 Loss 8.712
Epoch 0 Step 543 Loss 9.168
Epoch 0 Step 544 Loss 8.536
Epoch 0 Step 545 Loss 8.596
Epoch 0 Step 546 Loss 8.373
Epoch 0 Step 547 Loss 8.499
Epoch 0 Step 548 Loss 9.173
Epoch 0 Step 549 Loss 9.005
Epoch 0 Step 550 Loss 8.131
Epoch 0 Step 551 Loss 8.665
Epoch 0 Step 552 Loss 8.795
Epoch 0 Step 553 Loss 8.231
Epoch 0 Step 554 Loss 8.132
Epoch 0 Step 555 Loss 8.693
Epoch 0 Step 556 Loss 9.119
Epoch 0 Step 557 Loss 7.964
Epoch 0 Step 558 Loss 8.766
Epoch 0 Step 559 Loss 8.174
Epoch 0 Step 560 Loss 9.157
Epoch 0 Step 561 Loss 8.919
Epoch 0 Step 562 Loss 8.606
Epoch 0 Step 563 Loss 8.117
Epoch 0 Step 564 Loss 8.338
Epoch 0 Step 565 Loss 8.757
Epoch 0 Step 566 Loss 8.266
Epoch 0 Step 567 Loss 8.335
Epoch 0 Step 568 Loss 8.766
Epoch 0 Step 569 Loss 8.565
Epoch 0 Step 570 Loss 7.874
Epoch 0 Step 571 Loss 8.597
Epoch 0 Step 572 Loss 9.129
Epoch 0 Step 573 Loss 8.639
Epoch 0 Step 574 Loss 9.177
Epoch 0 Step 575 Loss 8.253
Epoch 0 Step 576 Loss 8.397
Epoch 0 Step 577 Loss 8.153
Epoch 0 Step 578 Loss 8.122
Epoch 0 Step 579 Loss 8.324
Epoch 0 Step 580 Loss 8.450
Epoch 0 Step 581 Loss 8.400
Epoch 0 Step 582 Loss 8.191
Epoch 0 Step 583 Loss 8.612
Epoch 0 Step 584 Loss 7.472
Epoch 0 Step 585 Loss 8.237
Epoch 0 Step 586 Loss 8.723
Epoch 0 Step 587 Loss 8.966
Epoch 0 Step 588 Loss 8.158
Epoch 0 Step 589 Loss 8.662
Epoch 0 Step 590 Loss 7.859
Epoch 0 Step 591 Loss 8.277
Epoch 0 Step 592 Loss 8.943
Epoch 0 Step 593 Loss 8.917
Epoch 0 Step 594 Loss 8.388
Epoch 0 Step 595 Loss 8.979
Epoch 0 Step 596 Loss 8.163
Epoch 0 Step 597 Loss 8.630
Epoch 0 Step 598 Loss 8.266
Epoch 0 Step 599 Loss 9.239
Epoch 0 Step 600 Loss 8.892
Epoch 0 Step 601 Loss 8.210
Epoch 0 Step 602 Loss 8.184
Epoch 0 Step 603 Loss 9.762
Epoch 0 Step 604 Loss 8.635
Epoch 0 Step 605 Loss 9.253
Epoch 0 Step 606 Loss 8.706
Epoch 0 Step 607 Loss 8.607
Epoch 0 Step 608 Loss 8.642
Epoch 0 Step 609 Loss 8.972
Epoch 0 Step 610 Loss 8.693
Epoch 0 Step 611 Loss 8.585
Epoch 0 Step 612 Loss 9.308
Epoch 0 Step 613 Loss 8.627
Epoch 0 Step 614 Loss 8.987
Epoch 0 Step 615 Loss 8.618
Epoch 0 Step 616 Loss 8.800
Epoch 0 Step 617 Loss 9.465
Epoch 0 Step 618 Loss 9.158
Epoch 0 Step 619 Loss 8.510
Epoch 0 Step 620 Loss 8.427
Epoch 0 Step 621 Loss 8.773
Epoch 0 Step 622 Loss 8.455
Epoch 0 Step 623 Loss 7.904
Epoch 0 Step 624 Loss 8.712
Epoch 0 Step 625 Loss 9.054
Epoch 0 Step 626 Loss 8.894
Epoch 0 Step 627 Loss 8.116
Epoch 0 Step 628 Loss 8.826
Epoch 0 Step 629 Loss 8.894
Epoch 0 Step 630 Loss 7.964
Epoch 0 Step 631 Loss 8.713
Epoch 0 Step 632 Loss 8.957
Epoch 0 Step 633 Loss 8.550
Epoch 0 Step 634 Loss 7.297
Epoch 0 Step 635 Loss 8.624
Epoch 0 Step 636 Loss 8.230
Epoch 0 Step 637 Loss 8.890
Epoch 0 Step 638 Loss 8.305
Epoch 0 Step 639 Loss 8.759
Epoch 0 Step 640 Loss 8.142
Epoch 0 Step 641 Loss 8.448
Epoch 0 Step 642 Loss 8.807
Epoch 0 Step 643 Loss 8.253
Epoch 0 Step 644 Loss 9.006
Epoch 0 Step 645 Loss 8.304
Epoch 0 Step 646 Loss 8.958
Epoch 0 Step 647 Loss 8.525
Epoch 0 Step 648 Loss 8.887
Epoch 0 Step 649 Loss 8.793
Epoch 0 Step 650 Loss 8.403
Epoch 0 Step 651 Loss 8.980
Epoch 0 Step 652 Loss 7.741
Epoch 0 Step 653 Loss 8.056
Epoch 0 Step 654 Loss 8.248
Epoch 0 Step 655 Loss 8.775
Epoch 0 Step 656 Loss 8.335
Epoch 0 Step 657 Loss 8.498
Epoch 0 Step 658 Loss 8.878
Epoch 0 Step 659 Loss 8.152
Epoch 0 Step 660 Loss 8.853
Epoch 0 Step 661 Loss 8.242
Epoch 0 Step 662 Loss 8.917
Epoch 0 Step 663 Loss 8.437
Epoch 0 Step 664 Loss 8.737
Epoch 0 Step 665 Loss 9.098
Epoch 0 Step 666 Loss 8.895
Epoch 0 Step 667 Loss 8.526
Epoch 0 Step 668 Loss 8.229
Epoch 0 Step 669 Loss 8.739
Epoch 0 Step 670 Loss 8.081
Epoch 0 Step 671 Loss 8.585
Epoch 0 Step 672 Loss 8.604
Epoch 0 Step 673 Loss 8.641
Epoch 0 Step 674 Loss 8.300
Epoch 0 Step 675 Loss 8.792
Epoch 0 Step 676 Loss 9.055
Epoch 0 Step 677 Loss 8.475
Epoch 0 Step 678 Loss 8.235
Epoch 0 Step 679 Loss 8.832
Epoch 0 Step 680 Loss 8.877
Epoch 0 Step 681 Loss 8.473
Epoch 0 Step 682 Loss 9.455
Epoch 0 Step 683 Loss 8.390
Epoch 0 Step 684 Loss 8.898
Epoch 0 Step 685 Loss 8.666
Epoch 0 Step 686 Loss 8.559
Epoch 0 Step 687 Loss 8.221
Epoch 0 Step 688 Loss 8.289
Epoch 0 Step 689 Loss 8.983
Epoch 0 Step 690 Loss 8.692
Epoch 0 Step 691 Loss 8.538
Epoch 0 Step 692 Loss 8.166
Epoch 0 Step 693 Loss 9.250
Epoch 0 Step 694 Loss 9.039
Epoch 0 Step 695 Loss 8.681
Epoch 0 Step 696 Loss 8.207
Epoch 0 Step 697 Loss 8.738
Epoch 0 Step 698 Loss 8.658
Epoch 0 Step 699 Loss 8.747
Epoch 0 Step 700 Loss 8.423
Epoch 0 Step 701 Loss 8.434
Epoch 0 Step 702 Loss 8.639
Epoch 0 Step 703 Loss 8.736
Epoch 0 Step 704 Loss 8.524
Epoch 0 Step 705 Loss 8.253
Epoch 0 Step 706 Loss 7.727
Epoch 0 Step 707 Loss 8.024
Epoch 0 Step 708 Loss 8.146
Epoch 0 Step 709 Loss 7.923
Epoch 0 Step 710 Loss 7.698
Epoch 0 Step 711 Loss 8.483
Epoch 0 Step 712 Loss 7.822
Epoch 0 Step 713 Loss 8.482
Epoch 0 Step 714 Loss 8.218
Epoch 0 Step 715 Loss 8.973
Epoch 0 Step 716 Loss 8.260
Epoch 0 Step 717 Loss 7.477
Epoch 0 Step 718 Loss 8.872
Epoch 0 Step 719 Loss 8.567
Epoch 0 Step 720 Loss 8.221
Epoch 0 Step 721 Loss 8.406
Epoch 0 Step 722 Loss 8.193
Epoch 0 Step 723 Loss 7.730
Epoch 0 Step 724 Loss 8.729
Epoch 0 Step 725 Loss 8.335
Epoch 0 Step 726 Loss 9.041
Epoch 0 Step 727 Loss 7.543
Epoch 0 Step 728 Loss 8.597
Epoch 0 Step 729 Loss 8.812
Epoch 0 Step 730 Loss 8.852
Epoch 0 Step 731 Loss 8.545
Epoch 0 Step 732 Loss 8.644
Epoch 0 Step 733 Loss 8.333
Epoch 0 Step 734 Loss 9.185
Epoch 0 Step 735 Loss 8.368
Epoch 0 Step 736 Loss 8.201
Epoch 0 Step 737 Loss 8.813
Epoch 0 Step 738 Loss 8.207
Epoch 0 Step 739 Loss 8.884
Epoch 0 Step 740 Loss 8.478
Epoch 0 Step 741 Loss 9.009
Epoch 0 Step 742 Loss 8.597
Epoch 0 Step 743 Loss 9.069
Epoch 0 Step 744 Loss 8.017
Epoch 0 Step 745 Loss 8.790
Epoch 0 Step 746 Loss 8.646
Epoch 0 Step 747 Loss 8.608
Epoch 0 Step 748 Loss 9.016
Epoch 0 Step 749 Loss 8.920
Epoch 0 Step 750 Loss 8.244
Epoch 0 Step 751 Loss 8.784
Epoch 0 Step 752 Loss 8.018
Epoch 0 Step 753 Loss 8.312
Epoch 0 Step 754 Loss 8.283
Epoch 0 Step 755 Loss 8.455
Epoch 0 Step 756 Loss 8.779
Epoch 0 Step 757 Loss 8.304
Epoch 0 Step 758 Loss 8.786
Epoch 0 Step 759 Loss 8.356
Epoch 0 Step 760 Loss 8.703
Epoch 0 Step 761 Loss 8.637
Epoch 0 Step 762 Loss 8.630
Epoch 0 Step 763 Loss 8.192
Epoch 0 Step 764 Loss 8.062
Epoch 0 Step 765 Loss 8.229
Epoch 0 Step 766 Loss 8.746
Epoch 0 Step 767 Loss 7.795
Epoch 0 Step 768 Loss 7.277
Epoch 0 Step 769 Loss 9.716
Epoch 0 Step 770 Loss 8.285
Epoch 0 Step 771 Loss 9.248
Epoch 0 Step 772 Loss 8.963
Epoch 0 Step 773 Loss 9.075
Epoch 0 Step 774 Loss 8.915
Epoch 0 Step 775 Loss 7.379
Epoch 0 Step 776 Loss 8.061
Epoch 0 Step 777 Loss 8.518
Epoch 0 Step 778 Loss 8.710
Epoch 0 Step 779 Loss 8.288
Epoch 0 Step 780 Loss 8.285
Epoch 0 Step 781 Loss 8.495
Epoch 0 Step 782 Loss 7.696
Epoch 0 Step 783 Loss 8.209
Epoch 0 Step 784 Loss 7.836
Epoch 0 Step 785 Loss 8.442
Epoch 0 Step 786 Loss 8.439
Epoch 0 Step 787 Loss 8.339
Epoch 0 Step 788 Loss 8.656
Epoch 0 Step 789 Loss 8.494
Epoch 0 Step 790 Loss 8.240
Epoch 0 Step 791 Loss 8.331
Epoch 0 Step 792 Loss 9.271
Epoch 0 Step 793 Loss 8.557
Epoch 0 Step 794 Loss 8.549
Epoch 0 Step 795 Loss 8.428
Epoch 0 Step 796 Loss 8.613
Epoch 0 Step 797 Loss 8.394
Epoch 0 Step 798 Loss 8.547
Epoch 0 Step 799 Loss 8.687
Epoch 0 Step 800 Loss 8.782
Epoch 0 Step 801 Loss 8.146
Epoch 0 Step 802 Loss 8.241
Epoch 0 Step 803 Loss 8.713
Epoch 0 Step 804 Loss 8.718
Epoch 0 Step 805 Loss 8.127
Epoch 0 Step 806 Loss 7.622
Epoch 0 Step 807 Loss 9.215
Epoch 0 Step 808 Loss 8.700
Epoch 0 Step 809 Loss 8.693
Epoch 0 Step 810 Loss 7.491
Epoch 0 Step 811 Loss 8.974
Epoch 0 Step 812 Loss 8.553
Epoch 0 Step 813 Loss 8.412
Epoch 0 Step 814 Loss 8.557
Epoch 0 Step 815 Loss 8.715
Epoch 0 Step 816 Loss 8.783
Epoch 0 Step 817 Loss 8.181
Epoch 0 Step 818 Loss 8.697
Epoch 0 Step 819 Loss 8.541
Epoch 0 Step 820 Loss 8.548
Epoch 0 Step 821 Loss 7.779
Epoch 0 Step 822 Loss 7.971
Epoch 0 Step 823 Loss 7.833
Epoch 0 Step 824 Loss 8.487
Epoch 0 Step 825 Loss 8.095
Epoch 0 Step 826 Loss 8.952
Epoch 0 Step 827 Loss 9.143
Epoch 0 Step 828 Loss 8.133
Epoch 0 Step 829 Loss 8.902
Epoch 0 Step 830 Loss 7.745
Epoch 0 Step 831 Loss 8.413
Epoch 0 Step 832 Loss 8.891
Epoch 0 Step 833 Loss 8.830
Epoch 0 Step 834 Loss 8.654
Epoch 0 Step 835 Loss 8.559
Epoch 0 Step 836 Loss 8.883
Epoch 0 Step 837 Loss 8.174
Epoch 0 Step 838 Loss 7.757
Epoch 0 Step 839 Loss 7.716
Epoch 0 Step 840 Loss 8.662
Epoch 0 Step 841 Loss 9.725
Epoch 0 Step 842 Loss 8.486
Epoch 0 Step 843 Loss 8.483
Epoch 0 Step 844 Loss 8.704
Epoch 0 Step 845 Loss 8.925
Epoch 0 Step 846 Loss 8.150
Epoch 0 Step 847 Loss 8.515
Epoch 0 Step 848 Loss 7.733
Epoch 0 Step 849 Loss 8.481
Epoch 0 Step 850 Loss 8.400
Epoch 0 Step 851 Loss 8.560
Epoch 0 Step 852 Loss 8.224
Epoch 0 Step 853 Loss 8.336
Epoch 0 Step 854 Loss 8.559
Epoch 0 Step 855 Loss 8.400
Epoch 0 Step 856 Loss 8.540
Epoch 0 Step 857 Loss 8.560
Epoch 0 Step 858 Loss 8.511
Epoch 0 Step 859 Loss 8.201
Epoch 0 Step 860 Loss 8.793
Epoch 0 Step 861 Loss 8.317
Epoch 0 Step 862 Loss 8.468
Epoch 0 Step 863 Loss 8.972
Epoch 0 Step 864 Loss 8.741
Epoch 0 Step 865 Loss 8.780
Epoch 0 Step 866 Loss 8.740
Epoch 0 Step 867 Loss 8.649
Epoch 0 Step 868 Loss 8.585
Epoch 0 Step 869 Loss 7.940
Epoch 0 Step 870 Loss 8.608
Epoch 0 Step 871 Loss 8.346
Epoch 0 Step 872 Loss 7.751
Epoch 0 Step 873 Loss 7.484
Epoch 0 Step 874 Loss 8.500
Epoch 0 Step 875 Loss 8.215
Epoch 0 Step 876 Loss 9.089
Epoch 0 Step 877 Loss 8.814
Epoch 0 Step 878 Loss 8.720
Epoch 0 Step 879 Loss 8.204
Epoch 0 Step 880 Loss 7.931
Epoch 0 Step 881 Loss 8.268
Epoch 0 Step 882 Loss 8.684
Epoch 0 Step 883 Loss 8.442
Epoch 0 Step 884 Loss 7.907
Epoch 0 Step 885 Loss 6.478
Epoch 0 Step 886 Loss 7.925
Epoch 0 Step 887 Loss 8.510
Epoch 0 Step 888 Loss 8.697
Epoch 0 Step 889 Loss 8.373
Epoch 0 Step 890 Loss 8.555
Epoch 0 Step 891 Loss 9.003
Epoch 0 Step 892 Loss 7.176
Epoch 0 Step 893 Loss 8.375
Epoch 0 Step 894 Loss 8.038
Epoch 0 Step 895 Loss 8.988
Epoch 0 Step 896 Loss 8.214
Epoch 0 Step 897 Loss 8.667
Epoch 0 Step 898 Loss 8.482
Epoch 0 Step 899 Loss 9.413
Epoch 0 Step 900 Loss 8.061
Epoch 0 Step 901 Loss 8.196
Epoch 0 Step 902 Loss 8.371
Epoch 0 Step 903 Loss 7.308
Epoch 0 Step 904 Loss 8.145
Epoch 0 Step 905 Loss 8.297
Epoch 0 Step 906 Loss 8.681
Epoch 0 Step 907 Loss 8.959
Epoch 0 Step 908 Loss 8.433
Epoch 0 Step 909 Loss 8.140
Epoch 0 Step 910 Loss 7.952
Epoch 0 Step 911 Loss 7.608
Epoch 0 Step 912 Loss 8.529
Epoch 0 Step 913 Loss 7.025
Epoch 0 Step 914 Loss 8.345
Epoch 0 Step 915 Loss 7.992
Epoch 0 Step 916 Loss 8.026
Epoch 0 Step 917 Loss 8.634
Epoch 0 Step 918 Loss 8.644
Epoch 0 Step 919 Loss 8.943
Epoch 0 Step 920 Loss 8.508
Epoch 0 Step 921 Loss 9.594
Epoch 0 Step 922 Loss 7.712
Epoch 0 Step 923 Loss 8.040
Epoch 0 Step 924 Loss 7.752
Epoch 0 Step 925 Loss 8.422
Epoch 0 Step 926 Loss 8.499
Epoch 0 Step 927 Loss 8.309
Epoch 0 Step 928 Loss 8.293
Epoch 0 Step 929 Loss 8.662
Epoch 0 Step 930 Loss 8.405
Epoch 0 Step 931 Loss 7.680
Epoch 0 Step 932 Loss 8.937
Epoch 0 Step 933 Loss 8.185
Epoch 0 Step 934 Loss 8.556
Epoch 0 Step 935 Loss 8.087
Epoch 0 Step 936 Loss 7.272
Epoch 0 Step 937 Loss 8.616
Epoch 0 Step 938 Loss 7.541
Epoch 0 Step 939 Loss 8.109
Epoch 0 Step 940 Loss 8.347
Epoch 0 Step 941 Loss 8.897
Epoch 0 Step 942 Loss 8.990
Epoch 0 Step 943 Loss 7.854
Epoch 0 Step 944 Loss 8.768
Epoch 0 Step 945 Loss 8.736
Epoch 0 Step 946 Loss 6.729
Epoch 0 Step 947 Loss 8.694
Epoch 0 Step 948 Loss 8.846
Epoch 0 Step 949 Loss 7.899
Epoch 0 Step 950 Loss 7.944
Epoch 0 Step 951 Loss 8.619
Epoch 0 Step 952 Loss 8.463
Epoch 0 Step 953 Loss 7.728
Epoch 0 Step 954 Loss 8.675
Epoch 0 Step 955 Loss 8.492
Epoch 0 Step 956 Loss 7.911
Epoch 0 Step 957 Loss 7.128
Epoch 0 Step 958 Loss 8.649
Epoch 0 Step 959 Loss 7.691
Epoch 0 Step 960 Loss 8.066
Epoch 0 Step 961 Loss 8.207
Epoch 0 Step 962 Loss 8.053
Epoch 0 Step 963 Loss 8.192
Epoch 0 Step 964 Loss 8.966
Epoch 0 Step 965 Loss 8.762
Epoch 0 Step 966 Loss 8.828
Epoch 0 Step 967 Loss 7.885
Epoch 0 Step 968 Loss 8.141
Epoch 0 Step 969 Loss 8.412
Epoch 0 Step 970 Loss 8.756
Epoch 0 Step 971 Loss 7.733
Epoch 0 Step 972 Loss 7.369
Epoch 0 Step 973 Loss 8.718
Epoch 0 Step 974 Loss 8.253
Epoch 0 Step 975 Loss 8.203
Epoch 0 Step 976 Loss 8.241
Epoch 0 Step 977 Loss 8.521
Epoch 0 Step 978 Loss 7.706
Epoch 0 Step 979 Loss 8.660
Epoch 0 Step 980 Loss 8.623
Epoch 0 Step 981 Loss 8.576
Epoch 0 Step 982 Loss 9.081
Epoch 0 Step 983 Loss 8.066
Epoch 0 Step 984 Loss 9.048
Epoch 0 Step 985 Loss 8.136
Epoch 0 Step 986 Loss 7.575
Epoch 0 Step 987 Loss 8.211
Epoch 0 Step 988 Loss 7.622
Epoch 0 Step 989 Loss 8.243
Epoch 0 Step 990 Loss 7.772
Epoch 0 Step 991 Loss 8.051
Epoch 0 Step 992 Loss 8.093
Epoch 0 Step 993 Loss 8.781
Epoch 0 Step 994 Loss 8.209
Epoch 0 Step 995 Loss 8.531
Epoch 0 Step 996 Loss 8.104
Epoch 0 Step 997 Loss 8.661
Epoch 0 Step 998 Loss 8.080
Epoch 0 Step 999 Loss 8.604
Epoch 0 Step 1000 Loss 7.703
Epoch 0 Step 1001 Loss 7.015
Epoch 0 Step 1002 Loss 8.506
Epoch 0 Step 1003 Loss 9.052
Epoch 0 Step 1004 Loss 8.205
Epoch 0 Step 1005 Loss 7.981
Epoch 0 Step 1006 Loss 8.353
Epoch 0 Step 1007 Loss 8.797
Epoch 0 Step 1008 Loss 7.745
Epoch 0 Step 1009 Loss 8.797
Epoch 0 Step 1010 Loss 7.919
Epoch 0 Step 1011 Loss 7.689
Epoch 0 Step 1012 Loss 6.992
Epoch 0 Step 1013 Loss 8.572
Epoch 0 Step 1014 Loss 8.285
Epoch 0 Step 1015 Loss 8.564
Epoch 0 Step 1016 Loss 8.705
Epoch 0 Step 1017 Loss 9.112
Epoch 0 Step 1018 Loss 8.281
Epoch 0 Step 1019 Loss 7.947
Epoch 0 Step 1020 Loss 8.146
Epoch 0 Step 1021 Loss 7.964
Epoch 0 Step 1022 Loss 8.289
Epoch 0 Step 1023 Loss 8.184
Epoch 0 Step 1024 Loss 8.051
Epoch 0 Step 1025 Loss 8.210
Epoch 0 Step 1026 Loss 8.160
Epoch 0 Step 1027 Loss 7.880
Epoch 0 Step 1028 Loss 7.883
Epoch 0 Step 1029 Loss 7.555
Epoch 0 Step 1030 Loss 8.509
Epoch 0 Step 1031 Loss 8.488
Epoch 0 Step 1032 Loss 7.672
Epoch 0 Step 1033 Loss 8.173
Epoch 0 Step 1034 Loss 7.917
Epoch 0 Step 1035 Loss 7.754
Epoch 0 Step 1036 Loss 8.063
Epoch 0 Step 1037 Loss 8.179
Epoch 0 Step 1038 Loss 8.371
Epoch 0 Step 1039 Loss 8.502
Epoch 0 Step 1040 Loss 7.939
Epoch 0 Step 1041 Loss 7.711
Epoch 0 Step 1042 Loss 8.535
Epoch 0 Step 1043 Loss 8.145
Epoch 0 Step 1044 Loss 8.216
Epoch 0 Step 1045 Loss 8.424
Epoch 0 Step 1046 Loss 8.475
Epoch 0 Step 1047 Loss 8.383
Epoch 0 Step 1048 Loss 8.884
Epoch 0 Step 1049 Loss 5.966
Epoch 0 Step 1050 Loss 7.626
Epoch 0 Step 1051 Loss 9.498
Epoch 0 Step 1052 Loss 8.628
Epoch 0 Step 1053 Loss 8.477
Epoch 0 Step 1054 Loss 7.292
Epoch 0 Step 1055 Loss 7.718
Epoch 0 Step 1056 Loss 8.912
Epoch 0 Step 1057 Loss 8.425
Epoch 0 Step 1058 Loss 7.344
Epoch 0 Step 1059 Loss 8.766
Epoch 0 Step 1060 Loss 8.197
Epoch 0 Step 1061 Loss 7.685
Epoch 0 Step 1062 Loss 7.661
Epoch 0 Step 1063 Loss 7.655
Epoch 0 Step 1064 Loss 7.466
Epoch 0 Step 1065 Loss 8.258
Epoch 0 Step 1066 Loss 7.818
Epoch 0 Step 1067 Loss 8.342
Epoch 0 Step 1068 Loss 8.157
Epoch 0 Step 1069 Loss 9.211
Epoch 0 Step 1070 Loss 8.388
Epoch 0 Step 1071 Loss 6.962
Epoch 0 Step 1072 Loss 8.757
Epoch 0 Step 1073 Loss 7.946
Epoch 0 Step 1074 Loss 8.300
Epoch 0 Step 1075 Loss 8.084
Epoch 0 Step 1076 Loss 7.545
Epoch 0 Step 1077 Loss 8.275
Epoch 0 Step 1078 Loss 8.254
Epoch 0 Step 1079 Loss 7.268
Epoch 0 Step 1080 Loss 8.716
Epoch 0 Step 1081 Loss 7.992
Epoch 0 Step 1082 Loss 8.787
Epoch 0 Step 1083 Loss 7.749
Epoch 0 Step 1084 Loss 8.286
Epoch 0 Step 1085 Loss 8.010
Epoch 0 Step 1086 Loss 8.826
Epoch 0 Step 1087 Loss 7.597
Epoch 0 Step 1088 Loss 7.507
Epoch 0 Step 1089 Loss 8.870
Epoch 0 Step 1090 Loss 8.526
Epoch 0 Step 1091 Loss 9.369
Epoch 0 Step 1092 Loss 8.418
Epoch 0 Step 1093 Loss 8.434
Epoch 0 Step 1094 Loss 8.475
Epoch 0 Step 1095 Loss 8.787
Epoch 0 Step 1096 Loss 7.798
Epoch 0 Step 1097 Loss 8.281
Epoch 0 Step 1098 Loss 8.035
Epoch 0 Step 1099 Loss 8.031
Epoch 0 Step 1100 Loss 7.525
Epoch 0 Step 1101 Loss 8.396
Epoch 0 Step 1102 Loss 8.678
Epoch 0 Step 1103 Loss 7.302
Epoch 0 Step 1104 Loss 8.488
Epoch 0 Step 1105 Loss 8.525
Epoch 0 Step 1106 Loss 7.224
Epoch 0 Step 1107 Loss 8.288
Epoch 0 Step 1108 Loss 8.362
Epoch 0 Step 1109 Loss 8.457
Epoch 0 Step 1110 Loss 7.728
Epoch 0 Step 1111 Loss 8.928
Epoch 0 Step 1112 Loss 8.081
Epoch 0 Step 1113 Loss 8.057
Epoch 0 Step 1114 Loss 8.203
Epoch 0 Step 1115 Loss 8.571
Epoch 0 Step 1116 Loss 8.457
Epoch 0 Step 1117 Loss 8.223
Epoch 0 Step 1118 Loss 7.052
Epoch 0 Step 1119 Loss 8.064
Epoch 0 Step 1120 Loss 8.594
Epoch 0 Step 1121 Loss 8.073
Epoch 0 Step 1122 Loss 8.544
Epoch 0 Step 1123 Loss 8.656
Epoch 0 Step 1124 Loss 7.808
Epoch 0 Step 1125 Loss 7.541
Epoch 0 Step 1126 Loss 8.834
Epoch 0 Step 1127 Loss 8.458
Epoch 0 Step 1128 Loss 8.649
Epoch 0 Step 1129 Loss 7.785
Epoch 0 Step 1130 Loss 8.030
Epoch 0 Step 1131 Loss 7.106
Epoch 0 Step 1132 Loss 8.627
Epoch 0 Step 1133 Loss 7.412
Epoch 0 Step 1134 Loss 8.254
Epoch 0 Step 1135 Loss 8.961
Epoch 0 Step 1136 Loss 7.605
Epoch 0 Step 1137 Loss 8.179
Epoch 0 Step 1138 Loss 8.762
Epoch 0 Step 1139 Loss 7.677
Epoch 0 Step 1140 Loss 8.593
Epoch 0 Step 1141 Loss 9.026
Epoch 0 Step 1142 Loss 7.922
Epoch 0 Step 1143 Loss 8.582
Epoch 0 Step 1144 Loss 7.695
Epoch 0 Step 1145 Loss 7.957
Epoch 0 Step 1146 Loss 8.261
Epoch 0 Step 1147 Loss 7.962
Epoch 0 Step 1148 Loss 7.809
Epoch 0 Step 1149 Loss 8.558
Epoch 0 Step 1150 Loss 8.080
Epoch 0 Step 1151 Loss 8.592
Epoch 0 Step 1152 Loss 8.212
Epoch 0 Step 1153 Loss 8.625
Epoch 0 Step 1154 Loss 6.318
Epoch 0 Step 1155 Loss 7.912
Epoch 0 Step 1156 Loss 8.141
Epoch 0 Step 1157 Loss 9.215
Epoch 0 Step 1158 Loss 8.516
Epoch 0 Step 1159 Loss 8.363
Epoch 0 Step 1160 Loss 7.893
Epoch 0 Step 1161 Loss 7.719
Epoch 0 Step 1162 Loss 8.388
Epoch 0 Step 1163 Loss 8.508
Epoch 0 Step 1164 Loss 8.264
Epoch 0 Step 1165 Loss 7.805
Epoch 0 Step 1166 Loss 8.198
Epoch 0 Step 1167 Loss 8.034
Epoch 0 Step 1168 Loss 7.922
Epoch 0 Step 1169 Loss 8.142
Epoch 0 Step 1170 Loss 6.905
Epoch 0 Step 1171 Loss 8.742
Epoch 0 Step 1172 Loss 8.528
Epoch 0 Step 1173 Loss 8.487
Epoch 0 Step 1174 Loss 8.777
Epoch 0 Step 1175 Loss 9.114
Epoch 0 Step 1176 Loss 7.887
Epoch 0 Step 1177 Loss 8.018
Epoch 0 Step 1178 Loss 7.268
Epoch 0 Step 1179 Loss 8.166
Epoch 0 Step 1180 Loss 8.348
Epoch 0 Step 1181 Loss 7.589
Epoch 0 Step 1182 Loss 8.181
Epoch 0 Step 1183 Loss 8.392
Epoch 0 Step 1184 Loss 7.836
Epoch 0 Step 1185 Loss 8.253
Epoch 0 Step 1186 Loss 9.096
Epoch 0 Step 1187 Loss 8.005
Epoch 0 Step 1188 Loss 7.408
Epoch 0 Step 1189 Loss 8.036
Epoch 0 Step 1190 Loss 7.058
Epoch 0 Step 1191 Loss 7.357
Epoch 0 Step 1192 Loss 8.064
Epoch 0 Step 1193 Loss 8.476
Epoch 0 Step 1194 Loss 8.069
Epoch 0 Step 1195 Loss 7.638
Epoch 0 Step 1196 Loss 7.647
Epoch 0 Step 1197 Loss 8.655
Epoch 0 Step 1198 Loss 8.418
Epoch 0 Step 1199 Loss 7.817
Epoch 0 Step 1200 Loss 7.911
Epoch 0 Step 1201 Loss 8.487
Epoch 0 Step 1202 Loss 8.035
Epoch 0 Step 1203 Loss 8.511
Epoch 0 Step 1204 Loss 9.288
Epoch 0 Step 1205 Loss 8.047
Epoch 0 Step 1206 Loss 8.733
Epoch 0 Step 1207 Loss 8.181
Epoch 0 Step 1208 Loss 7.555
Epoch 0 Step 1209 Loss 8.034
Epoch 0 Step 1210 Loss 7.894
Epoch 0 Step 1211 Loss 8.613
Epoch 0 Step 1212 Loss 8.200
Epoch 0 Step 1213 Loss 8.458
Epoch 0 Step 1214 Loss 8.256
Epoch 0 Step 1215 Loss 8.204
Epoch 0 Step 1216 Loss 8.270
Epoch 0 Step 1217 Loss 8.213
Epoch 0 Step 1218 Loss 8.079
Epoch 0 Step 1219 Loss 7.764
Epoch 0 Step 1220 Loss 8.225
Epoch 0 Step 1221 Loss 8.146
Epoch 0 Step 1222 Loss 7.113
Epoch 0 Step 1223 Loss 8.305
Epoch 0 Step 1224 Loss 8.340
Epoch 0 Step 1225 Loss 8.000
Epoch 0 Step 1226 Loss 7.284
Epoch 0 Step 1227 Loss 8.541
Epoch 0 Step 1228 Loss 7.937
Epoch 0 Step 1229 Loss 8.459
Epoch 0 Step 1230 Loss 7.916
Epoch 0 Step 1231 Loss 8.224
Epoch 0 Step 1232 Loss 7.846
Epoch 0 Step 1233 Loss 7.707
Epoch 0 Step 1234 Loss 7.538
Epoch 0 Step 1235 Loss 7.919
Epoch 0 Step 1236 Loss 8.577
Epoch 0 Step 1237 Loss 7.379
Epoch 0 Step 1238 Loss 7.854
Epoch 0 Step 1239 Loss 8.114
Epoch 0 Step 1240 Loss 8.577
Epoch 0 Step 1241 Loss 8.874
Epoch 0 Step 1242 Loss 8.507
Epoch 0 Step 1243 Loss 8.154
Epoch 0 Step 1244 Loss 7.619
Epoch 0 Step 1245 Loss 8.219
Epoch 0 Step 1246 Loss 7.563
Epoch 0 Step 1247 Loss 8.176
Epoch 0 Step 1248 Loss 7.231
Epoch 0 Step 1249 Loss 8.731
Epoch 0 Step 1250 Loss 7.531
Epoch 0 Step 1251 Loss 8.398
Epoch 0 Step 1252 Loss 8.352
Epoch 0 Step 1253 Loss 8.118
Epoch 0 Step 1254 Loss 8.042
Epoch 0 Step 1255 Loss 8.186
Epoch 0 Step 1256 Loss 8.271
Epoch 0 Step 1257 Loss 8.336
Epoch 0 Step 1258 Loss 8.025
Epoch 0 Step 1259 Loss 7.707
Epoch 0 Step 1260 Loss 7.954
Epoch 0 Step 1261 Loss 8.503
Epoch 0 Step 1262 Loss 7.672
Epoch 0 Step 1263 Loss 7.897
Epoch 0 Step 1264 Loss 7.944
Epoch 0 Step 1265 Loss 8.475
Epoch 0 Step 1266 Loss 8.235
Epoch 0 Step 1267 Loss 8.187
Epoch 0 Step 1268 Loss 7.251
Epoch 0 Step 1269 Loss 8.102
Epoch 0 Step 1270 Loss 7.985
Epoch 0 Step 1271 Loss 8.345
Epoch 0 Step 1272 Loss 8.419
Epoch 0 Step 1273 Loss 8.412
Epoch 0 Step 1274 Loss 7.885
Epoch 0 Step 1275 Loss 8.113
Epoch 0 Step 1276 Loss 8.023
Epoch 0 Step 1277 Loss 7.837
Epoch 0 Step 1278 Loss 7.893
Epoch 0 Step 1279 Loss 7.125
Epoch 0 Step 1280 Loss 7.809
Epoch 0 Step 1281 Loss 8.491
Epoch 0 Step 1282 Loss 9.606
Epoch 0 Step 1283 Loss 6.822
Epoch 0 Step 1284 Loss 6.980
Epoch 0 Step 1285 Loss 8.905
Epoch 0 Step 1286 Loss 7.690
Epoch 0 Step 1287 Loss 7.679
Epoch 0 Step 1288 Loss 7.373
Epoch 0 Step 1289 Loss 8.799
Epoch 0 Step 1290 Loss 7.856
Epoch 0 Step 1291 Loss 8.412
Epoch 0 Step 1292 Loss 7.579
Epoch 0 Step 1293 Loss 8.185
Epoch 0 Step 1294 Loss 7.386
Epoch 0 Step 1295 Loss 8.765
Epoch 0 Step 1296 Loss 7.861
Epoch 0 Step 1297 Loss 8.163
Epoch 0 Step 1298 Loss 8.424
Epoch 0 Step 1299 Loss 7.864
Epoch 0 Step 1300 Loss 8.965
Epoch 0 Step 1301 Loss 8.572
Epoch 0 Step 1302 Loss 7.811
Epoch 0 Step 1303 Loss 6.859
Epoch 0 Step 1304 Loss 8.080
Epoch 0 Step 1305 Loss 8.428
Epoch 0 Step 1306 Loss 6.447
Epoch 0 Step 1307 Loss 8.643
Epoch 0 Step 1308 Loss 8.238
Epoch 0 Step 1309 Loss 8.273
Epoch 0 Step 1310 Loss 8.448
Epoch 0 Step 1311 Loss 8.097
Epoch 0 Step 1312 Loss 7.662
Epoch 0 Step 1313 Loss 8.348
Epoch 0 Step 1314 Loss 7.674
Epoch 0 Step 1315 Loss 7.353
Epoch 0 Step 1316 Loss 8.272
Epoch 0 Step 1317 Loss 8.134
Epoch 0 Step 1318 Loss 8.378
Epoch 0 Step 1319 Loss 9.007
Epoch 0 Step 1320 Loss 8.162
Epoch 0 Step 1321 Loss 7.840
Epoch 0 Step 1322 Loss 7.703
Epoch 0 Step 1323 Loss 7.882
Epoch 0 Step 1324 Loss 8.444
Epoch 0 Step 1325 Loss 7.595
Epoch 0 Step 1326 Loss 7.896
Epoch 0 Step 1327 Loss 7.725
Epoch 0 Step 1328 Loss 7.191
Epoch 0 Step 1329 Loss 7.200
Epoch 0 Step 1330 Loss 7.347
Epoch 0 Step 1331 Loss 7.737
Epoch 0 Step 1332 Loss 7.591
Epoch 0 Step 1333 Loss 7.984
Epoch 0 Step 1334 Loss 7.001
Epoch 0 Step 1335 Loss 7.599
Epoch 0 Step 1336 Loss 6.991
Epoch 0 Step 1337 Loss 7.697
Epoch 0 Step 1338 Loss 8.999
Epoch 0 Step 1339 Loss 7.418
Epoch 0 Step 1340 Loss 8.012
Epoch 0 Step 1341 Loss 8.552
Epoch 0 Step 1342 Loss 7.991
Epoch 0 Step 1343 Loss 7.082
Epoch 0 Step 1344 Loss 8.431
Epoch 0 Step 1345 Loss 8.145
Epoch 0 Step 1346 Loss 8.265
Epoch 0 Step 1347 Loss 8.377
Epoch 0 Step 1348 Loss 7.716
Epoch 0 Step 1349 Loss 9.754
Epoch 0 Step 1350 Loss 7.658
Epoch 0 Step 1351 Loss 8.885
Epoch 0 Step 1352 Loss 7.640
Epoch 0 Step 1353 Loss 8.177
Epoch 0 Step 1354 Loss 8.714
Epoch 0 Step 1355 Loss 7.435
Epoch 0 Step 1356 Loss 8.012
Epoch 0 Step 1357 Loss 7.325
Epoch 0 Step 1358 Loss 7.211
Epoch 0 Step 1359 Loss 8.253
Epoch 0 Step 1360 Loss 8.123
Epoch 0 Step 1361 Loss 7.756
Epoch 0 Step 1362 Loss 8.522
Epoch 0 Step 1363 Loss 8.464
Epoch 0 Step 1364 Loss 7.853
Epoch 0 Step 1365 Loss 7.483
Epoch 0 Step 1366 Loss 7.928
Epoch 0 Step 1367 Loss 7.793
Epoch 0 Step 1368 Loss 8.174
Epoch 0 Step 1369 Loss 8.058
Epoch 0 Step 1370 Loss 7.731
Epoch 0 Step 1371 Loss 7.557
Epoch 0 Step 1372 Loss 8.323
Epoch 0 Step 1373 Loss 7.931
Epoch 0 Step 1374 Loss 8.312
Epoch 0 Step 1375 Loss 7.868
Epoch 0 Step 1376 Loss 8.277
Epoch 0 Step 1377 Loss 7.849
Epoch 0 Step 1378 Loss 8.111
Epoch 0 Step 1379 Loss 8.776
Epoch 0 Step 1380 Loss 8.337
Epoch 0 Step 1381 Loss 8.131
Epoch 0 Step 1382 Loss 7.455
Epoch 0 Step 1383 Loss 7.933
Epoch 0 Step 1384 Loss 7.727
Epoch 0 Step 1385 Loss 8.115
Epoch 0 Step 1386 Loss 7.784
Epoch 0 Step 1387 Loss 7.955
Epoch 0 Step 1388 Loss 8.619
Epoch 0 Step 1389 Loss 8.727
Epoch 0 Step 1390 Loss 9.091
Epoch 0 Step 1391 Loss 7.553
Epoch 0 Step 1392 Loss 8.692
Epoch 0 Step 1393 Loss 8.679
Epoch 0 Step 1394 Loss 7.662
Epoch 0 Step 1395 Loss 7.632
Epoch 0 Step 1396 Loss 7.138
Epoch 0 Step 1397 Loss 8.154
Epoch 0 Step 1398 Loss 7.923
Epoch 0 Step 1399 Loss 7.663
Epoch 0 Step 1400 Loss 7.500
Epoch 0 Step 1401 Loss 8.187
Epoch 0 Step 1402 Loss 8.189
Epoch 0 Step 1403 Loss 8.372
Epoch 0 Step 1404 Loss 8.437
Epoch 0 Step 1405 Loss 7.674
Epoch 0 Step 1406 Loss 7.131
Epoch 0 Step 1407 Loss 7.704
Epoch 0 Step 1408 Loss 8.577
Epoch 0 Step 1409 Loss 8.326
Epoch 0 Step 1410 Loss 7.966
Epoch 0 Step 1411 Loss 7.973
Epoch 0 Step 1412 Loss 8.175
Epoch 0 Step 1413 Loss 7.322
Epoch 0 Step 1414 Loss 8.412
Epoch 0 Step 1415 Loss 8.591
Epoch 0 Step 1416 Loss 7.869
Epoch 0 Step 1417 Loss 7.566
Epoch 0 Step 1418 Loss 8.397
Epoch 0 Step 1419 Loss 7.753
Epoch 0 Step 1420 Loss 8.141
Epoch 0 Step 1421 Loss 8.272
Epoch 0 Step 1422 Loss 7.980
Epoch 0 Step 1423 Loss 7.909
Epoch 0 Step 1424 Loss 8.893
Epoch 0 Step 1425 Loss 7.650
Epoch 0 Step 1426 Loss 8.346
Epoch 0 Step 1427 Loss 7.656
Epoch 0 Step 1428 Loss 7.653
Epoch 0 Step 1429 Loss 8.553
Epoch 0 Step 1430 Loss 8.407
Epoch 0 Step 1431 Loss 8.649
Epoch 0 Step 1432 Loss 8.132
Epoch 0 Step 1433 Loss 8.099
Epoch 0 Step 1434 Loss 8.042
Epoch 0 Step 1435 Loss 7.911
Epoch 0 Step 1436 Loss 7.058
Epoch 0 Step 1437 Loss 8.136
Epoch 0 Step 1438 Loss 7.822
Epoch 0 Step 1439 Loss 7.263
Epoch 0 Step 1440 Loss 7.086
Epoch 0 Step 1441 Loss 7.605
Epoch 0 Step 1442 Loss 7.820
Epoch 0 Step 1443 Loss 6.985
Epoch 0 Step 1444 Loss 8.532
Epoch 0 Step 1445 Loss 8.086
Epoch 0 Step 1446 Loss 7.856
Epoch 0 Step 1447 Loss 7.770
Epoch 0 Step 1448 Loss 8.344
Epoch 0 Step 1449 Loss 7.897
Epoch 0 Step 1450 Loss 7.838
Epoch 0 Step 1451 Loss 8.702
Epoch 0 Step 1452 Loss 8.821
Epoch 0 Step 1453 Loss 8.539
Epoch 0 Step 1454 Loss 7.966
Epoch 0 Step 1455 Loss 6.842
Epoch 0 Step 1456 Loss 7.582
Epoch 0 Step 1457 Loss 7.711
Epoch 0 Step 1458 Loss 7.645
Epoch 0 Step 1459 Loss 7.445
Epoch 0 Step 1460 Loss 7.826
Epoch 0 Step 1461 Loss 7.674
Epoch 0 Step 1462 Loss 8.296
Epoch 0 Step 1463 Loss 7.916
Epoch 0 Step 1464 Loss 8.310
Epoch 0 Step 1465 Loss 7.388
Epoch 0 Step 1466 Loss 7.085
Epoch 0 Step 1467 Loss 8.582
Epoch 0 Step 1468 Loss 7.917
Epoch 0 Step 1469 Loss 7.249
Epoch 0 Step 1470 Loss 6.241
Epoch 0 Step 1471 Loss 7.571
Epoch 0 Step 1472 Loss 8.360
Epoch 0 Step 1473 Loss 8.336
Epoch 0 Step 1474 Loss 7.919
Epoch 0 Step 1475 Loss 7.607
Epoch 0 Step 1476 Loss 8.047
Epoch 0 Step 1477 Loss 7.954
Epoch 0 Step 1478 Loss 7.643
Epoch 0 Step 1479 Loss 7.679
Epoch 0 Step 1480 Loss 8.091
Epoch 0 Step 1481 Loss 8.480
Epoch 0 Step 1482 Loss 7.670
Epoch 0 Step 1483 Loss 7.820
Epoch 0 Step 1484 Loss 7.815
Epoch 0 Step 1485 Loss 8.602
Epoch 0 Step 1486 Loss 7.410
Epoch 0 Step 1487 Loss 8.201
Epoch 0 Step 1488 Loss 7.357
Epoch 0 Step 1489 Loss 8.218
Epoch 0 Step 1490 Loss 7.432
Epoch 0 Step 1491 Loss 8.299
Epoch 0 Step 1492 Loss 8.342
Epoch 0 Step 1493 Loss 6.967
Epoch 0 Step 1494 Loss 8.182
Epoch 0 Step 1495 Loss 8.161
Epoch 0 Step 1496 Loss 7.374
Epoch 0 Step 1497 Loss 8.676
Epoch 0 Step 1498 Loss 7.675
Epoch 0 Step 1499 Loss 8.088
Epoch 0 Step 1500 Loss 7.812
Epoch 0 Step 1501 Loss 7.343
Epoch 0 Step 1502 Loss 7.875
Epoch 0 Step 1503 Loss 8.299
Epoch 0 Step 1504 Loss 8.211
Epoch 0 Step 1505 Loss 8.238
Epoch 0 Step 1506 Loss 7.888
Epoch 0 Step 1507 Loss 7.095
Epoch 0 Step 1508 Loss 8.418
Epoch 0 Step 1509 Loss 8.239
Epoch 0 Step 1510 Loss 7.512
Epoch 0 Step 1511 Loss 7.361
Epoch 0 Step 1512 Loss 8.132
Epoch 0 Step 1513 Loss 7.901
Epoch 0 Step 1514 Loss 8.519
Epoch 0 Step 1515 Loss 7.957
Epoch 0 Step 1516 Loss 8.295
Epoch 0 Step 1517 Loss 8.148
Epoch 0 Step 1518 Loss 8.290
Epoch 0 Step 1519 Loss 9.098
Epoch 0 Step 1520 Loss 7.787
Epoch 0 Step 1521 Loss 8.216
Epoch 0 Step 1522 Loss 8.418
Epoch 0 Step 1523 Loss 8.160
Epoch 0 Step 1524 Loss 8.929
Epoch 0 Step 1525 Loss 7.866
Epoch 0 Step 1526 Loss 6.920
Epoch 0 Step 1527 Loss 7.527
Epoch 0 Step 1528 Loss 8.129
Epoch 0 Step 1529 Loss 8.226
Epoch 0 Step 1530 Loss 7.956
Epoch 0 Step 1531 Loss 8.005
Epoch 0 Step 1532 Loss 8.158
Epoch 0 Step 1533 Loss 8.305
Epoch 0 Step 1534 Loss 7.473
Epoch 0 Step 1535 Loss 8.045
Epoch 0 Step 1536 Loss 8.215
Epoch 0 Step 1537 Loss 8.398
Epoch 0 Step 1538 Loss 7.495
Epoch 0 Step 1539 Loss 7.914
Epoch 0 Step 1540 Loss 8.188
Epoch 0 Step 1541 Loss 8.153
Epoch 0 Step 1542 Loss 8.538
Epoch 0 Step 1543 Loss 8.095
Epoch 0 Step 1544 Loss 8.445
Epoch 0 Step 1545 Loss 7.331
Epoch 0 Step 1546 Loss 8.480
Epoch 0 Step 1547 Loss 8.371
Epoch 0 Step 1548 Loss 7.205
Epoch 0 Step 1549 Loss 7.492
Epoch 0 Step 1550 Loss 7.404
Epoch 0 Step 1551 Loss 7.798
Epoch 0 Step 1552 Loss 8.334
Epoch 0 Step 1553 Loss 7.750
Epoch 0 Step 1554 Loss 8.671
Epoch 0 Step 1555 Loss 7.182
Epoch 0 Step 1556 Loss 8.302
Epoch 0 Step 1557 Loss 8.693
Epoch 0 Step 1558 Loss 8.070
Epoch 0 Step 1559 Loss 7.233
Epoch 0 Step 1560 Loss 8.330
Epoch 0 Step 1561 Loss 7.856
Epoch 0 Step 1562 Loss 7.967
Epoch 0 Step 1563 Loss 7.666
Epoch 0 Step 1564 Loss 8.826
Epoch 0 Step 1565 Loss 7.871
Epoch 0 Step 1566 Loss 7.563
Epoch 0 Step 1567 Loss 8.135
Epoch 0 Step 1568 Loss 7.848
Epoch 0 Step 1569 Loss 6.224
Epoch 0 Step 1570 Loss 7.506
Epoch 0 Step 1571 Loss 7.742
Epoch 0 Step 1572 Loss 8.508
Epoch 0 Step 1573 Loss 7.871
Epoch 0 Step 1574 Loss 8.411
Epoch 0 Step 1575 Loss 7.956
Epoch 0 Step 1576 Loss 7.423
Epoch 0 Step 1577 Loss 7.870
Epoch 0 Step 1578 Loss 8.398
Epoch 0 Step 1579 Loss 7.872
Epoch 0 Step 1580 Loss 8.308
Epoch 0 Step 1581 Loss 7.189
Epoch 0 Step 1582 Loss 8.059
Epoch 0 Step 1583 Loss 6.214
Epoch 0 Step 1584 Loss 7.491
Epoch 0 Step 1585 Loss 7.369
Epoch 0 Step 1586 Loss 8.379
Epoch 0 Step 1587 Loss 7.645
Epoch 0 Step 1588 Loss 7.967
Epoch 0 Step 1589 Loss 7.129
Epoch 0 Step 1590 Loss 7.935
Epoch 0 Step 1591 Loss 8.141
Epoch 0 Step 1592 Loss 7.969
Epoch 0 Step 1593 Loss 7.761
Epoch 0 Step 1594 Loss 7.788
Epoch 0 Step 1595 Loss 7.698
Epoch 0 Step 1596 Loss 8.260
Epoch 0 Step 1597 Loss 7.964
Epoch 0 Step 1598 Loss 8.317
Epoch 0 Step 1599 Loss 8.226
Epoch 0 Step 1600 Loss 7.543
Epoch 0 Step 1601 Loss 7.247
Epoch 0 Step 1602 Loss 7.973
Epoch 0 Step 1603 Loss 8.391
Epoch 0 Step 1604 Loss 7.590
Epoch 0 Step 1605 Loss 8.069
Epoch 0 Step 1606 Loss 7.459
Epoch 0 Step 1607 Loss 7.357
Epoch 0 Step 1608 Loss 7.842
Epoch 0 Step 1609 Loss 7.830
Epoch 0 Step 1610 Loss 7.636
Epoch 0 Step 1611 Loss 8.437
Epoch 0 Step 1612 Loss 8.057
Epoch 0 Step 1613 Loss 7.268
Epoch 0 Step 1614 Loss 8.228
Epoch 0 Step 1615 Loss 8.092
Epoch 0 Step 1616 Loss 7.877
Epoch 0 Step 1617 Loss 8.342
Epoch 0 Step 1618 Loss 7.254
Epoch 0 Step 1619 Loss 7.880
Epoch 0 Step 1620 Loss 7.640
Epoch 0 Step 1621 Loss 8.849
Epoch 0 Step 1622 Loss 7.585
Epoch 0 Step 1623 Loss 7.956
Epoch 0 Step 1624 Loss 7.884
Epoch 0 Step 1625 Loss 7.817
Epoch 0 Step 1626 Loss 7.946
Epoch 0 Step 1627 Loss 8.024
Epoch 0 Step 1628 Loss 7.891
Epoch 0 Step 1629 Loss 7.196
Epoch 0 Step 1630 Loss 7.609
Epoch 0 Step 1631 Loss 7.537
Epoch 0 Step 1632 Loss 7.759
Epoch 0 Step 1633 Loss 7.429
Epoch 0 Step 1634 Loss 7.559
Epoch 0 Step 1635 Loss 7.224
Epoch 0 Step 1636 Loss 7.714
Epoch 0 Step 1637 Loss 7.198
Epoch 0 Step 1638 Loss 9.164
Epoch 0 Step 1639 Loss 7.547
Epoch 0 Step 1640 Loss 8.059
Epoch 0 Step 1641 Loss 7.494
Epoch 0 Step 1642 Loss 8.291
Epoch 0 Step 1643 Loss 8.270
Epoch 0 Step 1644 Loss 7.309
Epoch 0 Step 1645 Loss 8.298
Epoch 0 Step 1646 Loss 8.485
Epoch 0 Step 1647 Loss 7.592
Epoch 0 Step 1648 Loss 8.068
Epoch 0 Step 1649 Loss 8.154
Epoch 0 Step 1650 Loss 7.837
Epoch 0 Step 1651 Loss 8.025
Epoch 0 Step 1652 Loss 8.129
Epoch 0 Step 1653 Loss 7.490
Epoch 0 Step 1654 Loss 7.654
Epoch 0 Step 1655 Loss 7.743
Epoch 0 Step 1656 Loss 7.426
Epoch 0 Step 1657 Loss 8.328
Epoch 0 Step 1658 Loss 8.483
Epoch 0 Step 1659 Loss 7.939
Epoch 0 Step 1660 Loss 6.935
Epoch 0 Step 1661 Loss 7.551
Epoch 0 Step 1662 Loss 7.565
Epoch 0 Step 1663 Loss 7.944
Epoch 0 Step 1664 Loss 8.421
Epoch 0 Step 1665 Loss 7.925
Epoch 0 Step 1666 Loss 7.519
Epoch 0 Step 1667 Loss 7.327
Epoch 0 Step 1668 Loss 8.044
Epoch 0 Step 1669 Loss 6.276
Epoch 0 Step 1670 Loss 7.618
Epoch 0 Step 1671 Loss 8.114
Epoch 0 Step 1672 Loss 8.818
Epoch 0 Step 1673 Loss 7.479
Epoch 0 Step 1674 Loss 7.405
Epoch 0 Step 1675 Loss 7.939
Epoch 0 Step 1676 Loss 8.584
Epoch 0 Step 1677 Loss 7.994
Epoch 0 Step 1678 Loss 8.461
Epoch 0 Step 1679 Loss 8.011
Epoch 0 Step 1680 Loss 8.023
Epoch 0 Step 1681 Loss 7.369
Epoch 0 Step 1682 Loss 7.663
Epoch 0 Step 1683 Loss 7.096
Epoch 0 Step 1684 Loss 6.858
Epoch 0 Step 1685 Loss 7.954
Epoch 0 Step 1686 Loss 7.309
Epoch 0 Step 1687 Loss 7.390
Epoch 0 Step 1688 Loss 6.499
Epoch 0 Step 1689 Loss 8.458
Epoch 0 Step 1690 Loss 6.907
Epoch 0 Step 1691 Loss 8.148
Epoch 0 Step 1692 Loss 8.108
Epoch 0 Step 1693 Loss 7.545
Epoch 0 Step 1694 Loss 7.302
Epoch 0 Step 1695 Loss 8.285
Epoch 0 Step 1696 Loss 8.320
Epoch 0 Step 1697 Loss 8.136
Epoch 0 Step 1698 Loss 7.855
Epoch 0 Step 1699 Loss 7.679
Epoch 0 Step 1700 Loss 8.053
Epoch 0 Step 1701 Loss 7.765
Epoch 0 Step 1702 Loss 8.259
Epoch 0 Step 1703 Loss 7.582
Epoch 0 Step 1704 Loss 7.687
Epoch 0 Step 1705 Loss 7.566
Epoch 0 Step 1706 Loss 7.195
Epoch 0 Step 1707 Loss 7.488
Epoch 0 Step 1708 Loss 7.086
Epoch 0 Step 1709 Loss 6.672
Epoch 0 Step 1710 Loss 8.616
Epoch 0 Step 1711 Loss 6.964
Epoch 0 Step 1712 Loss 8.554
Epoch 0 Step 1713 Loss 8.137
Epoch 0 Step 1714 Loss 7.936
Epoch 0 Step 1715 Loss 8.544
Epoch 0 Step 1716 Loss 7.116
Epoch 0 Step 1717 Loss 7.592
Epoch 0 Step 1718 Loss 7.729
Epoch 0 Step 1719 Loss 7.602
Epoch 0 Step 1720 Loss 7.392
Epoch 0 Step 1721 Loss 7.299
Epoch 0 Step 1722 Loss 6.918
Epoch 0 Step 1723 Loss 7.427
Epoch 0 Step 1724 Loss 7.341
Epoch 0 Step 1725 Loss 8.129
Epoch 0 Step 1726 Loss 7.963
Epoch 0 Step 1727 Loss 7.570
Epoch 0 Step 1728 Loss 8.199
Epoch 0 Step 1729 Loss 7.661
Epoch 0 Step 1730 Loss 8.190
Epoch 0 Step 1731 Loss 7.915
Epoch 0 Step 1732 Loss 9.038
Epoch 0 Step 1733 Loss 8.088
Epoch 0 Step 1734 Loss 6.747
Epoch 0 Step 1735 Loss 7.890
Epoch 0 Step 1736 Loss 8.050
Epoch 0 Step 1737 Loss 7.348
Epoch 0 Step 1738 Loss 7.677
Epoch 0 Step 1739 Loss 7.576
Epoch 0 Step 1740 Loss 7.742
Epoch 0 Step 1741 Loss 7.932
Epoch 0 Step 1742 Loss 8.079
Epoch 0 Step 1743 Loss 7.273
Epoch 0 Step 1744 Loss 7.640
Epoch 0 Step 1745 Loss 8.534
Epoch 0 Step 1746 Loss 7.332
Epoch 0 Step 1747 Loss 7.796
Epoch 0 Step 1748 Loss 7.883
Epoch 0 Step 1749 Loss 8.300
Epoch 0 Step 1750 Loss 7.754
Epoch 0 Step 1751 Loss 6.895
Epoch 0 Step 1752 Loss 7.682
Epoch 0 Step 1753 Loss 8.250
Epoch 0 Step 1754 Loss 7.039
Epoch 0 Step 1755 Loss 8.207
Epoch 0 Step 1756 Loss 7.336
Epoch 0 Step 1757 Loss 7.613
Epoch 0 Step 1758 Loss 7.231
Epoch 0 Step 1759 Loss 8.355
Epoch 0 Step 1760 Loss 7.472
Epoch 0 Step 1761 Loss 8.223
Epoch 0 Step 1762 Loss 7.131
Epoch 0 Step 1763 Loss 7.142
Epoch 0 Step 1764 Loss 7.205
Epoch 0 Step 1765 Loss 8.032
Epoch 0 Step 1766 Loss 7.819
Epoch 0 Step 1767 Loss 7.321
Epoch 0 Step 1768 Loss 7.665
Epoch 0 Step 1769 Loss 7.262
Epoch 0 Step 1770 Loss 7.498
Epoch 0 Step 1771 Loss 7.657
Epoch 0 Step 1772 Loss 8.392
Epoch 0 Step 1773 Loss 6.961
Epoch 0 Step 1774 Loss 8.346
Epoch 0 Step 1775 Loss 7.709
Epoch 0 Step 1776 Loss 7.558
Epoch 0 Step 1777 Loss 8.467
Epoch 0 Step 1778 Loss 7.513
Epoch 0 Step 1779 Loss 7.809
Epoch 0 Step 1780 Loss 6.748
Epoch 0 Step 1781 Loss 8.002
Epoch 0 Step 1782 Loss 8.245
Epoch 0 Step 1783 Loss 7.417
Epoch 0 Step 1784 Loss 7.302
Epoch 0 Step 1785 Loss 7.302
Epoch 0 Step 1786 Loss 8.062
Epoch 0 Step 1787 Loss 7.236
Epoch 0 Step 1788 Loss 7.237
Epoch 0 Step 1789 Loss 7.363
Epoch 0 Step 1790 Loss 8.205
Epoch 0 Step 1791 Loss 7.876
Epoch 0 Step 1792 Loss 6.742
Epoch 0 Step 1793 Loss 8.087
Epoch 0 Step 1794 Loss 7.815
Epoch 0 Step 1795 Loss 7.099
Epoch 0 Step 1796 Loss 7.272
Epoch 0 Step 1797 Loss 7.823
Epoch 0 Step 1798 Loss 7.670
Epoch 0 Step 1799 Loss 8.498
Epoch 0 Step 1800 Loss 8.113
Epoch 0 Step 1801 Loss 8.032
Epoch 0 Step 1802 Loss 8.441
Epoch 0 Step 1803 Loss 6.282
Epoch 0 Step 1804 Loss 8.187
Epoch 0 Step 1805 Loss 7.857
Epoch 0 Step 1806 Loss 7.802
Epoch 0 Step 1807 Loss 7.435
Epoch 0 Step 1808 Loss 7.328
Epoch 0 Step 1809 Loss 8.124
Epoch 0 Step 1810 Loss 7.859
Epoch 0 Step 1811 Loss 7.768
Epoch 0 Step 1812 Loss 7.451
Epoch 0 Step 1813 Loss 7.574
Epoch 0 Step 1814 Loss 6.861
Epoch 0 Step 1815 Loss 7.736
Epoch 0 Step 1816 Loss 8.248
Epoch 0 Step 1817 Loss 8.691
Epoch 0 Step 1818 Loss 7.768
Epoch 0 Step 1819 Loss 8.288
Epoch 0 Step 1820 Loss 8.176
Epoch 0 Step 1821 Loss 7.937
Epoch 0 Step 1822 Loss 7.374
Epoch 0 Step 1823 Loss 7.786
Epoch 0 Step 1824 Loss 7.710
Epoch 0 Step 1825 Loss 8.180
Epoch 0 Step 1826 Loss 7.433
Epoch 0 Step 1827 Loss 7.667
Epoch 0 Step 1828 Loss 6.902
Epoch 0 Step 1829 Loss 8.217
Epoch 0 Step 1830 Loss 7.635
Epoch 0 Step 1831 Loss 7.425
Epoch 0 Step 1832 Loss 7.046
Epoch 0 Step 1833 Loss 7.707
Epoch 0 Step 1834 Loss 8.171
Epoch 0 Step 1835 Loss 7.858
Epoch 0 Step 1836 Loss 7.978
Epoch 0 Step 1837 Loss 8.310
Epoch 0 Step 1838 Loss 8.055
Epoch 0 Step 1839 Loss 8.173
Epoch 0 Step 1840 Loss 6.750
Epoch 0 Step 1841 Loss 7.526
Epoch 0 Step 1842 Loss 8.109
Epoch 0 Step 1843 Loss 7.927
Epoch 0 Step 1844 Loss 7.998
Epoch 0 Step 1845 Loss 7.247
Epoch 0 Step 1846 Loss 7.947
Epoch 0 Step 1847 Loss 7.871
Epoch 0 Step 1848 Loss 7.523
Epoch 0 Step 1849 Loss 7.222
Epoch 0 Step 1850 Loss 7.495
Epoch 0 Step 1851 Loss 7.848
Epoch 0 Step 1852 Loss 7.201
Epoch 0 Step 1853 Loss 7.902
Epoch 0 Step 1854 Loss 7.824
Epoch 0 Step 1855 Loss 7.246
Epoch 0 Step 1856 Loss 7.490
Epoch 0 Step 1857 Loss 8.424
Epoch 0 Step 1858 Loss 6.552
Epoch 0 Step 1859 Loss 6.965
Epoch 0 Step 1860 Loss 7.701
Epoch 0 Step 1861 Loss 7.601
Epoch 0 Step 1862 Loss 7.855
Epoch 0 Step 1863 Loss 7.719
Epoch 0 Step 1864 Loss 9.076
Epoch 0 Step 1865 Loss 6.824
Epoch 0 Step 1866 Loss 7.686
Epoch 0 Step 1867 Loss 9.935
Epoch 0 Step 1868 Loss 8.167
Epoch 0 Step 1869 Loss 7.698
Epoch 0 Step 1870 Loss 7.160
Epoch 0 Step 1871 Loss 7.698
Epoch 0 Step 1872 Loss 8.042
Epoch 0 Step 1873 Loss 7.509
Epoch 0 Step 1874 Loss 6.495
Epoch 0 Step 1875 Loss 7.855
Epoch 0 Step 1876 Loss 7.810
Epoch 0 Step 1877 Loss 7.619
Epoch 0 Step 1878 Loss 6.834
Epoch 0 Step 1879 Loss 7.294
Epoch 0 Step 1880 Loss 7.872
Epoch 0 Step 1881 Loss 7.853
Epoch 0 Step 1882 Loss 8.174
Epoch 0 Step 1883 Loss 6.812
Epoch 0 Step 1884 Loss 6.446
Epoch 0 Step 1885 Loss 8.440
Epoch 0 Step 1886 Loss 7.573
Epoch 0 Step 1887 Loss 8.547
Epoch 0 Step 1888 Loss 7.770
Epoch 0 Step 1889 Loss 8.019
Epoch 0 Step 1890 Loss 7.450
Epoch 0 Step 1891 Loss 7.659
Epoch 0 Step 1892 Loss 8.000
Epoch 0 Step 1893 Loss 7.086
Epoch 0 Step 1894 Loss 7.161
Epoch 0 Step 1895 Loss 8.048
Epoch 0 Step 1896 Loss 8.214
Epoch 0 Step 1897 Loss 8.049
Epoch 0 Step 1898 Loss 7.953
Epoch 0 Step 1899 Loss 6.859
Epoch 0 Step 1900 Loss 7.296
Epoch 0 Step 1901 Loss 7.073
Epoch 0 Step 1902 Loss 7.495
Epoch 0 Step 1903 Loss 7.205
Epoch 0 Step 1904 Loss 8.213
Epoch 0 Step 1905 Loss 7.293
Epoch 0 Step 1906 Loss 6.248
Epoch 0 Step 1907 Loss 7.415
Epoch 0 Step 1908 Loss 7.348
Epoch 0 Step 1909 Loss 8.142
Epoch 0 Step 1910 Loss 7.508
Epoch 0 Step 1911 Loss 7.898
Epoch 0 Step 1912 Loss 8.054
Epoch 0 Step 1913 Loss 7.028
Epoch 0 Step 1914 Loss 7.777
Epoch 0 Step 1915 Loss 6.964
Epoch 0 Step 1916 Loss 7.522
Epoch 0 Step 1917 Loss 8.277
Epoch 0 Step 1918 Loss 7.257
Epoch 0 Step 1919 Loss 7.533
Epoch 0 Step 1920 Loss 7.921
Epoch 0 Step 1921 Loss 7.665
Epoch 0 Step 1922 Loss 8.275
Epoch 0 Step 1923 Loss 7.290
Epoch 0 Step 1924 Loss 8.304
Epoch 0 Step 1925 Loss 7.674
Epoch 0 Step 1926 Loss 7.902
Epoch 0 Step 1927 Loss 6.865
Epoch 0 Step 1928 Loss 7.779
Epoch 0 Step 1929 Loss 7.201
Epoch 0 Step 1930 Loss 7.171
Epoch 0 Step 1931 Loss 7.596
Epoch 0 Step 1932 Loss 7.471
Epoch 0 Step 1933 Loss 8.931
Epoch 0 Step 1934 Loss 7.983
Epoch 0 Step 1935 Loss 6.774
Epoch 0 Step 1936 Loss 7.226
Epoch 0 Step 1937 Loss 7.605
Epoch 0 Step 1938 Loss 6.990
Epoch 0 Step 1939 Loss 7.407
Epoch 0 Step 1940 Loss 7.626
Epoch 0 Step 1941 Loss 7.470
Epoch 0 Step 1942 Loss 8.082
Epoch 0 Step 1943 Loss 8.187
Epoch 0 Step 1944 Loss 7.164
Epoch 0 Step 1945 Loss 7.510
Epoch 0 Step 1946 Loss 7.446
Epoch 0 Step 1947 Loss 7.227
Epoch 0 Step 1948 Loss 8.028
Epoch 0 Step 1949 Loss 7.655
Epoch 0 Step 1950 Loss 7.835
Epoch 0 Step 1951 Loss 8.153
Epoch 0 Step 1952 Loss 7.422
Epoch 0 Step 1953 Loss 8.168
Epoch 0 Step 1954 Loss 8.042
Epoch 0 Step 1955 Loss 7.745
Epoch 0 Step 1956 Loss 7.883
Epoch 0 Step 1957 Loss 7.775
Epoch 0 Step 1958 Loss 7.467
Epoch 0 Step 1959 Loss 7.544
Epoch 0 Step 1960 Loss 7.735
Epoch 0 Step 1961 Loss 7.372
Epoch 0 Step 1962 Loss 7.713
Epoch 0 Step 1963 Loss 7.137
Epoch 0 Step 1964 Loss 7.771
Epoch 0 Step 1965 Loss 7.130
Epoch 0 Step 1966 Loss 7.412
Epoch 0 Step 1967 Loss 7.508
Epoch 0 Step 1968 Loss 8.135
Epoch 0 Step 1969 Loss 7.145
Epoch 0 Step 1970 Loss 7.863
Epoch 0 Step 1971 Loss 8.617
Epoch 0 Step 1972 Loss 7.910
Epoch 0 Step 1973 Loss 8.048
Epoch 0 Step 1974 Loss 7.456
Epoch 0 Step 1975 Loss 7.578
Epoch 0 Step 1976 Loss 7.968
Epoch 0 Step 1977 Loss 6.528
Epoch 0 Step 1978 Loss 7.488
Epoch 0 Step 1979 Loss 7.329
Epoch 0 Step 1980 Loss 7.673
Epoch 0 Step 1981 Loss 7.460
Epoch 0 Step 1982 Loss 7.661
Epoch 0 Step 1983 Loss 6.723
Epoch 0 Step 1984 Loss 8.194
Epoch 0 Step 1985 Loss 7.285
Epoch 0 Step 1986 Loss 7.186
Epoch 0 Step 1987 Loss 6.558
Epoch 0 Step 1988 Loss 8.163
Epoch 0 Step 1989 Loss 6.890
Epoch 0 Step 1990 Loss 7.606
Epoch 0 Step 1991 Loss 6.703
Epoch 0 Step 1992 Loss 8.142
Epoch 0 Step 1993 Loss 8.353
Epoch 0 Step 1994 Loss 7.004
Epoch 0 Step 1995 Loss 7.446
Epoch 0 Step 1996 Loss 8.073
Epoch 0 Step 1997 Loss 7.485
Epoch 0 Step 1998 Loss 7.933
Epoch 0 Step 1999 Loss 8.265
Epoch 0 Step 2000 Loss 7.606
Epoch 0 Step 2001 Loss 7.946
Epoch 0 Step 2002 Loss 7.872
Epoch 0 Step 2003 Loss 7.993
Epoch 0 Step 2004 Loss 8.064
Epoch 0 Step 2005 Loss 7.633
Epoch 0 Step 2006 Loss 7.820
Epoch 0 Step 2007 Loss 7.103
Epoch 0 Step 2008 Loss 7.882
Epoch 0 Step 2009 Loss 7.020
Epoch 0 Step 2010 Loss 7.130
Epoch 0 Step 2011 Loss 7.959
Epoch 0 Step 2012 Loss 7.982
Epoch 0 Step 2013 Loss 6.967
Epoch 0 Step 2014 Loss 7.368
Epoch 0 Step 2015 Loss 7.985
Epoch 0 Step 2016 Loss 7.305
Epoch 0 Step 2017 Loss 7.252
Epoch 0 Step 2018 Loss 6.665
Epoch 0 Step 2019 Loss 7.870
Epoch 0 Step 2020 Loss 7.278
Epoch 0 Step 2021 Loss 7.780
Epoch 0 Step 2022 Loss 7.764
Epoch 0 Step 2023 Loss 7.663
Epoch 0 Step 2024 Loss 7.379
Epoch 0 Step 2025 Loss 8.101
Epoch 0 Step 2026 Loss 7.264
Epoch 0 Step 2027 Loss 7.103
Epoch 0 Step 2028 Loss 7.190
Epoch 0 Step 2029 Loss 6.907
Epoch 0 Step 2030 Loss 7.638
Epoch 0 Step 2031 Loss 7.503
Epoch 0 Step 2032 Loss 7.981
Epoch 0 Step 2033 Loss 7.560
Epoch 0 Step 2034 Loss 7.699
Epoch 0 Step 2035 Loss 8.208
Epoch 0 Step 2036 Loss 7.582
Epoch 0 Step 2037 Loss 7.203
Epoch 0 Step 2038 Loss 7.004
Epoch 0 Step 2039 Loss 7.397
Epoch 0 Step 2040 Loss 7.302
Epoch 0 Step 2041 Loss 7.855
Epoch 0 Step 2042 Loss 7.274
Epoch 0 Step 2043 Loss 7.449
Epoch 0 Step 2044 Loss 7.076
Epoch 0 Step 2045 Loss 7.403
Epoch 0 Step 2046 Loss 8.061
Epoch 0 Step 2047 Loss 7.235
Epoch 0 Step 2048 Loss 6.304
Epoch 0 Step 2049 Loss 8.292
Epoch 0 Step 2050 Loss 8.224
Epoch 0 Step 2051 Loss 7.647
Epoch 0 Step 2052 Loss 7.152
Epoch 0 Step 2053 Loss 8.224
Epoch 0 Step 2054 Loss 7.414
Epoch 0 Step 2055 Loss 7.741
Epoch 0 Step 2056 Loss 7.265
Epoch 0 Step 2057 Loss 7.891
Epoch 0 Step 2058 Loss 7.595
Epoch 0 Step 2059 Loss 7.321
Epoch 0 Step 2060 Loss 6.771
Epoch 0 Step 2061 Loss 8.015
Epoch 0 Step 2062 Loss 8.108
Epoch 0 Step 2063 Loss 7.559
Epoch 0 Step 2064 Loss 8.288
Epoch 0 Step 2065 Loss 6.699
Epoch 0 Step 2066 Loss 8.181
Epoch 0 Step 2067 Loss 6.319
Epoch 0 Step 2068 Loss 6.503
Epoch 0 Step 2069 Loss 7.722
Epoch 0 Step 2070 Loss 7.005
Epoch 0 Step 2071 Loss 8.052
Epoch 0 Step 2072 Loss 8.307
Epoch 0 Step 2073 Loss 7.971
Epoch 0 Step 2074 Loss 7.672
Epoch 0 Step 2075 Loss 7.081
Epoch 0 Step 2076 Loss 7.287
Epoch 0 Step 2077 Loss 7.860
Epoch 0 Step 2078 Loss 7.595
Epoch 0 Step 2079 Loss 6.372
Epoch 0 Step 2080 Loss 8.486
Epoch 0 Step 2081 Loss 7.521
Epoch 0 Step 2082 Loss 7.759
Epoch 0 Step 2083 Loss 7.359
Epoch 0 Step 2084 Loss 7.840
Epoch 0 Step 2085 Loss 7.729
Epoch 0 Step 2086 Loss 8.183
Epoch 0 Step 2087 Loss 7.208
Epoch 0 Step 2088 Loss 7.000
Epoch 0 Step 2089 Loss 7.797
Epoch 0 Step 2090 Loss 6.840
Epoch 0 Step 2091 Loss 7.042
Epoch 0 Step 2092 Loss 7.348
Epoch 0 Step 2093 Loss 7.110
Epoch 0 Step 2094 Loss 7.339
Epoch 0 Step 2095 Loss 7.164
Epoch 0 Step 2096 Loss 6.877
Epoch 0 Step 2097 Loss 7.046
Epoch 0 Step 2098 Loss 10.019
Epoch 0 Step 2099 Loss 7.727
Epoch 0 Step 2100 Loss 8.492
Epoch 0 Step 2101 Loss 8.169
Epoch 0 Step 2102 Loss 6.732
Epoch 0 Step 2103 Loss 7.423
Epoch 0 Step 2104 Loss 8.014
Epoch 0 Step 2105 Loss 6.617
Epoch 0 Step 2106 Loss 8.002
Epoch 0 Step 2107 Loss 7.589
Epoch 0 Step 2108 Loss 7.509
Epoch 0 Step 2109 Loss 6.939
Epoch 0 Step 2110 Loss 7.284
Epoch 0 Step 2111 Loss 6.923
Epoch 0 Step 2112 Loss 7.046
Epoch 0 Step 2113 Loss 7.844
Epoch 0 Step 2114 Loss 8.018
Epoch 0 Step 2115 Loss 7.111
Epoch 0 Step 2116 Loss 7.370
Epoch 0 Step 2117 Loss 7.800
Epoch 0 Step 2118 Loss 6.776
Epoch 0 Step 2119 Loss 6.937
Epoch 0 Step 2120 Loss 7.675
Epoch 0 Step 2121 Loss 7.346
Epoch 0 Step 2122 Loss 7.609
Epoch 0 Step 2123 Loss 8.171
Epoch 0 Step 2124 Loss 7.180
Epoch 0 Step 2125 Loss 8.157
Epoch 0 Step 2126 Loss 7.576
Epoch 0 Step 2127 Loss 6.606
Epoch 0 Step 2128 Loss 6.635
Epoch 0 Step 2129 Loss 7.498
Epoch 0 Step 2130 Loss 8.000
Epoch 0 Step 2131 Loss 7.071
Epoch 0 Step 2132 Loss 8.016
Epoch 0 Step 2133 Loss 7.464
Epoch 0 Step 2134 Loss 7.965
Epoch 0 Step 2135 Loss 8.203
Epoch 0 Step 2136 Loss 7.593
Epoch 0 Step 2137 Loss 7.784
Epoch 0 Step 2138 Loss 7.321
Epoch 0 Step 2139 Loss 7.408
Epoch 0 Step 2140 Loss 8.153
Epoch 0 Step 2141 Loss 7.882
Epoch 0 Step 2142 Loss 8.077
Epoch 0 Step 2143 Loss 7.274
Epoch 0 Step 2144 Loss 8.048
Epoch 0 Step 2145 Loss 7.718
Epoch 0 Step 2146 Loss 7.473
Epoch 0 Step 2147 Loss 7.766
Epoch 0 Step 2148 Loss 7.120
Epoch 0 Step 2149 Loss 7.429
Epoch 0 Step 2150 Loss 7.776
Epoch 0 Step 2151 Loss 7.445
Epoch 0 Step 2152 Loss 6.999
Epoch 0 Step 2153 Loss 7.675
Epoch 0 Step 2154 Loss 7.767
Epoch 0 Step 2155 Loss 7.887
Epoch 0 Step 2156 Loss 6.864
Epoch 0 Step 2157 Loss 7.567
Epoch 0 Step 2158 Loss 6.923
Epoch 0 Step 2159 Loss 7.260
Epoch 0 Step 2160 Loss 6.290
Epoch 0 Step 2161 Loss 7.488
Epoch 0 Step 2162 Loss 7.718
Epoch 0 Step 2163 Loss 7.350
Epoch 0 Step 2164 Loss 6.540
Epoch 0 Step 2165 Loss 7.458
Epoch 0 Step 2166 Loss 7.611
Epoch 0 Step 2167 Loss 7.284
Epoch 0 Step 2168 Loss 7.709
Epoch 0 Step 2169 Loss 7.381
Epoch 0 Step 2170 Loss 7.804
Epoch 0 Step 2171 Loss 5.986
Epoch 0 Step 2172 Loss 7.267
Epoch 0 Step 2173 Loss 6.468
Epoch 0 Step 2174 Loss 7.708
Epoch 0 Step 2175 Loss 7.710
Epoch 0 Step 2176 Loss 7.530
Epoch 0 Step 2177 Loss 6.607
Epoch 0 Step 2178 Loss 7.405
Epoch 0 Step 2179 Loss 7.719
Epoch 0 Step 2180 Loss 7.857
Epoch 0 Step 2181 Loss 8.070
Epoch 0 Step 2182 Loss 7.757
Epoch 0 Step 2183 Loss 7.365
Epoch 0 Step 2184 Loss 7.378
Epoch 0 Step 2185 Loss 6.923
Epoch 0 Step 2186 Loss 7.785
Epoch 0 Step 2187 Loss 7.080
Epoch 0 Step 2188 Loss 7.616
Epoch 0 Step 2189 Loss 7.940
Epoch 0 Step 2190 Loss 7.755
Epoch 0 Step 2191 Loss 7.754
Epoch 0 Step 2192 Loss 7.765
Epoch 0 Step 2193 Loss 7.415
Epoch 0 Step 2194 Loss 7.971
Epoch 0 Step 2195 Loss 6.596
Epoch 0 Step 2196 Loss 6.849
Epoch 0 Step 2197 Loss 7.819
Epoch 0 Step 2198 Loss 7.578
Epoch 0 Step 2199 Loss 7.304
Epoch 0 Step 2200 Loss 7.360
Epoch 0 Step 2201 Loss 6.914
Epoch 0 Step 2202 Loss 7.767
Epoch 0 Step 2203 Loss 7.346
Epoch 0 Step 2204 Loss 7.667
Epoch 0 Step 2205 Loss 8.019
Epoch 0 Step 2206 Loss 7.609
Epoch 0 Step 2207 Loss 8.065
Epoch 0 Step 2208 Loss 7.379
Epoch 0 Step 2209 Loss 6.267
Epoch 0 Step 2210 Loss 8.310
Epoch 0 Step 2211 Loss 6.916
Epoch 0 Step 2212 Loss 7.019
Epoch 0 Step 2213 Loss 7.364
Epoch 0 Step 2214 Loss 7.485
Epoch 0 Step 2215 Loss 8.103
Epoch 0 Step 2216 Loss 7.585
Epoch 0 Step 2217 Loss 8.273
Epoch 0 Step 2218 Loss 8.335
Epoch 0 Step 2219 Loss 8.200
Epoch 0 Step 2220 Loss 7.472
Epoch 0 Step 2221 Loss 7.564
Epoch 0 Step 2222 Loss 7.514
Epoch 0 Step 2223 Loss 7.445
Epoch 0 Step 2224 Loss 7.289
Epoch 0 Step 2225 Loss 6.429
Epoch 0 Step 2226 Loss 8.155
Epoch 0 Step 2227 Loss 8.186
Epoch 0 Step 2228 Loss 7.364
Epoch 0 Step 2229 Loss 7.485
Epoch 0 Step 2230 Loss 7.382
Epoch 0 Step 2231 Loss 7.625
Epoch 0 Step 2232 Loss 7.710
Epoch 0 Step 2233 Loss 7.238
Epoch 0 Step 2234 Loss 7.568
Epoch 0 Step 2235 Loss 7.266
Epoch 0 Step 2236 Loss 7.460
Epoch 0 Step 2237 Loss 6.603
Epoch 0 Step 2238 Loss 8.015
Epoch 0 Step 2239 Loss 7.941
Epoch 0 Step 2240 Loss 7.871
Epoch 0 Step 2241 Loss 6.528
Epoch 0 Step 2242 Loss 7.469
Epoch 0 Step 2243 Loss 7.242
Epoch 0 Step 2244 Loss 6.471
Epoch 0 Step 2245 Loss 7.528
Epoch 0 Step 2246 Loss 7.522
Epoch 0 Step 2247 Loss 7.672
Epoch 0 Step 2248 Loss 7.867
Epoch 0 Step 2249 Loss 6.679
Epoch 0 Step 2250 Loss 7.473
Epoch 0 Step 2251 Loss 7.452
Epoch 0 Step 2252 Loss 7.918
Epoch 0 Step 2253 Loss 7.056
Epoch 0 Step 2254 Loss 6.703
Epoch 0 Step 2255 Loss 7.629
Epoch 0 Step 2256 Loss 7.895
Epoch 0 Step 2257 Loss 7.533
Epoch 0 Step 2258 Loss 7.465
Epoch 0 Step 2259 Loss 6.570
Epoch 0 Step 2260 Loss 6.616
Epoch 0 Step 2261 Loss 7.492
Epoch 0 Step 2262 Loss 6.643
Epoch 0 Step 2263 Loss 6.663
Epoch 0 Step 2264 Loss 7.121
Epoch 0 Step 2265 Loss 7.662
Epoch 0 Step 2266 Loss 7.598
Epoch 0 Step 2267 Loss 7.186
Epoch 0 Step 2268 Loss 8.056
Epoch 0 Step 2269 Loss 5.752
Epoch 0 Step 2270 Loss 6.943
Epoch 0 Step 2271 Loss 5.701
Epoch 0 Step 2272 Loss 7.708
Epoch 0 Step 2273 Loss 7.315
Epoch 0 Step 2274 Loss 7.586
Epoch 0 Step 2275 Loss 7.914
Epoch 0 Step 2276 Loss 7.298
Epoch 0 Step 2277 Loss 7.572
Epoch 0 Step 2278 Loss 7.056
Epoch 0 Step 2279 Loss 7.135
Epoch 0 Step 2280 Loss 7.244
Epoch 0 Step 2281 Loss 6.653
Epoch 0 Step 2282 Loss 7.263
Epoch 0 Step 2283 Loss 6.837
Epoch 0 Step 2284 Loss 7.521
Epoch 0 Step 2285 Loss 8.019
Epoch 0 Step 2286 Loss 7.249
Epoch 0 Step 2287 Loss 7.482
Epoch 0 Step 2288 Loss 7.768
Epoch 0 Step 2289 Loss 7.412
Epoch 0 Step 2290 Loss 8.068
Epoch 0 Step 2291 Loss 7.044
Epoch 0 Step 2292 Loss 6.187
Epoch 0 Step 2293 Loss 7.972
Epoch 0 Step 2294 Loss 8.074
Epoch 0 Step 2295 Loss 7.787
Epoch 0 Step 2296 Loss 7.262
Epoch 0 Step 2297 Loss 7.772
Epoch 0 Step 2298 Loss 7.836
Epoch 0 Step 2299 Loss 8.502
Epoch 0 Step 2300 Loss 7.673
Epoch 0 Step 2301 Loss 6.314
Epoch 0 Step 2302 Loss 7.038
Epoch 0 Step 2303 Loss 7.467
Epoch 0 Step 2304 Loss 6.647
Epoch 0 Step 2305 Loss 7.352
Epoch 0 Step 2306 Loss 7.625
Epoch 0 Step 2307 Loss 6.955
Epoch 0 Step 2308 Loss 6.765
Epoch 0 Step 2309 Loss 7.567
Epoch 0 Step 2310 Loss 7.750
Epoch 0 Step 2311 Loss 7.323
Epoch 0 Step 2312 Loss 7.860
Epoch 0 Step 2313 Loss 7.189
Epoch 0 Step 2314 Loss 6.748
Epoch 0 Step 2315 Loss 8.419
Epoch 0 Step 2316 Loss 7.054
Epoch 0 Step 2317 Loss 7.341
Epoch 0 Step 2318 Loss 7.861
Epoch 0 Step 2319 Loss 6.803
Epoch 0 Step 2320 Loss 7.615
Epoch 0 Step 2321 Loss 7.567
Epoch 0 Step 2322 Loss 7.243
Epoch 0 Step 2323 Loss 7.461
Epoch 0 Step 2324 Loss 7.161
Epoch 0 Step 2325 Loss 7.461
Epoch 0 Step 2326 Loss 6.485
Epoch 0 Step 2327 Loss 7.831
Epoch 0 Step 2328 Loss 7.908
Epoch 0 Step 2329 Loss 7.519
Epoch 0 Step 2330 Loss 6.940
Epoch 0 Step 2331 Loss 7.180
Epoch 0 Step 2332 Loss 6.793
Epoch 0 Step 2333 Loss 7.370
Epoch 0 Step 2334 Loss 7.917
Epoch 0 Step 2335 Loss 7.859
Epoch 0 Step 2336 Loss 7.999
Epoch 0 Step 2337 Loss 7.554
Epoch 0 Step 2338 Loss 7.416
Epoch 0 Step 2339 Loss 7.732
Epoch 0 Step 2340 Loss 7.659
Epoch 0 Step 2341 Loss 7.237
Epoch 0 Step 2342 Loss 7.668
Epoch 0 Step 2343 Loss 7.666
Epoch 0 Step 2344 Loss 7.392
Epoch 0 Step 2345 Loss 7.927
Epoch 0 Step 2346 Loss 6.987
Epoch 0 Step 2347 Loss 6.340
Epoch 0 Step 2348 Loss 6.857
Epoch 0 Step 2349 Loss 7.067
Epoch 0 Step 2350 Loss 6.554
Epoch 0 Step 2351 Loss 6.678
Epoch 0 Step 2352 Loss 7.732
Epoch 0 Step 2353 Loss 8.333
Epoch 0 Step 2354 Loss 7.824
Epoch 0 Step 2355 Loss 7.053
Epoch 0 Step 2356 Loss 7.821
Epoch 0 Step 2357 Loss 7.412
Epoch 0 Step 2358 Loss 7.438
Epoch 0 Step 2359 Loss 7.966
Epoch 0 Step 2360 Loss 7.466
Epoch 0 Step 2361 Loss 7.285
Epoch 0 Step 2362 Loss 6.453
Epoch 0 Step 2363 Loss 6.444
Epoch 0 Step 2364 Loss 7.241
Epoch 0 Step 2365 Loss 7.400
Epoch 0 Step 2366 Loss 6.819
Epoch 0 Step 2367 Loss 6.473
Epoch 0 Step 2368 Loss 7.851
Epoch 0 Step 2369 Loss 6.454
Epoch 0 Step 2370 Loss 8.158
Epoch 0 Step 2371 Loss 7.463
Epoch 0 Step 2372 Loss 7.171
Epoch 0 Step 2373 Loss 7.805
Epoch 0 Step 2374 Loss 6.698
Epoch 0 Step 2375 Loss 7.742
Epoch 0 Step 2376 Loss 7.546
Epoch 0 Step 2377 Loss 7.880
Epoch 0 Step 2378 Loss 8.198
Epoch 0 Step 2379 Loss 7.362
Epoch 0 Step 2380 Loss 7.480
Epoch 0 Step 2381 Loss 5.122
Epoch 0 Step 2382 Loss 8.349
Epoch 0 Step 2383 Loss 7.223
Epoch 0 Step 2384 Loss 7.556
Epoch 0 Step 2385 Loss 5.965
Epoch 0 Step 2386 Loss 7.835
Epoch 0 Step 2387 Loss 7.389
Epoch 0 Step 2388 Loss 9.215
Epoch 0 Step 2389 Loss 7.709
Epoch 0 Step 2390 Loss 6.827
Epoch 0 Step 2391 Loss 6.760
Epoch 0 Step 2392 Loss 7.097
Epoch 0 Step 2393 Loss 6.510
Epoch 0 Step 2394 Loss 7.203
Epoch 0 Step 2395 Loss 6.712
Epoch 0 Step 2396 Loss 6.879
Epoch 0 Step 2397 Loss 7.938
Epoch 0 Step 2398 Loss 6.779
Epoch 0 Step 2399 Loss 7.823
Epoch 0 Step 2400 Loss 7.423
Epoch 0 Step 2401 Loss 7.492
Epoch 0 Step 2402 Loss 6.843
Epoch 0 Step 2403 Loss 7.971
Epoch 0 Step 2404 Loss 5.991
Epoch 0 Step 2405 Loss 6.739
Epoch 0 Step 2406 Loss 7.380
Epoch 0 Step 2407 Loss 7.660
Epoch 0 Step 2408 Loss 6.839
Epoch 0 Step 2409 Loss 7.743
Epoch 0 Step 2410 Loss 7.490
Epoch 0 Step 2411 Loss 7.696
Epoch 0 Step 2412 Loss 7.001
Epoch 0 Step 2413 Loss 6.602
Epoch 0 Step 2414 Loss 7.334
Epoch 0 Step 2415 Loss 7.129
Epoch 0 Step 2416 Loss 7.858
Epoch 0 Step 2417 Loss 7.596
Epoch 0 Step 2418 Loss 7.865
Epoch 0 Step 2419 Loss 7.429
Epoch 0 Step 2420 Loss 7.110
Epoch 0 Step 2421 Loss 7.586
Epoch 0 Step 2422 Loss 7.643
Epoch 0 Step 2423 Loss 7.452
Epoch 0 Step 2424 Loss 7.084
Epoch 0 Step 2425 Loss 7.923
Epoch 0 Step 2426 Loss 7.256
Epoch 0 Step 2427 Loss 7.094
Epoch 0 Step 2428 Loss 7.212
Epoch 0 Step 2429 Loss 8.009
Epoch 0 Step 2430 Loss 7.480
Epoch 0 Step 2431 Loss 7.446
Epoch 0 Step 2432 Loss 7.401
Epoch 0 Step 2433 Loss 7.784
Epoch 0 Step 2434 Loss 7.325
Epoch 0 Step 2435 Loss 7.220
Epoch 0 Step 2436 Loss 6.725
Epoch 0 Step 2437 Loss 6.519
Epoch 0 Step 2438 Loss 7.931
Epoch 0 Step 2439 Loss 6.951
Epoch 0 Step 2440 Loss 8.014
Epoch 0 Step 2441 Loss 6.002
Epoch 0 Step 2442 Loss 7.620
Epoch 0 Step 2443 Loss 7.317
Epoch 0 Step 2444 Loss 7.263
Epoch 0 Step 2445 Loss 7.446
Epoch 0 Step 2446 Loss 6.580
Epoch 0 Step 2447 Loss 5.655
Epoch 0 Step 2448 Loss 7.144
Epoch 0 Step 2449 Loss 7.047
Epoch 0 Step 2450 Loss 7.619
Epoch 0 Step 2451 Loss 6.547
Epoch 0 Step 2452 Loss 8.367
Epoch 0 Step 2453 Loss 7.516
Epoch 0 Step 2454 Loss 7.735
Epoch 0 Step 2455 Loss 7.963
Epoch 0 Step 2456 Loss 7.365
Epoch 0 Step 2457 Loss 7.143
Epoch 0 Step 2458 Loss 7.079
Epoch 0 Step 2459 Loss 7.701
Epoch 0 Step 2460 Loss 7.583
Epoch 0 Step 2461 Loss 7.499
Epoch 0 Step 2462 Loss 7.743
Epoch 0 Step 2463 Loss 6.895
Epoch 0 Step 2464 Loss 7.206
Epoch 0 Step 2465 Loss 7.231
Epoch 0 Step 2466 Loss 7.046
Epoch 0 Step 2467 Loss 7.117
Epoch 0 Step 2468 Loss 7.012
Epoch 0 Step 2469 Loss 7.392
Epoch 0 Step 2470 Loss 6.636
Epoch 0 Step 2471 Loss 7.644
Epoch 0 Step 2472 Loss 6.942
Epoch 0 Step 2473 Loss 7.397
Epoch 0 Step 2474 Loss 7.813
Epoch 0 Step 2475 Loss 7.225
Epoch 0 Step 2476 Loss 7.423
Epoch 0 Step 2477 Loss 7.164
Epoch 0 Step 2478 Loss 7.484
Epoch 0 Step 2479 Loss 6.770
Epoch 0 Step 2480 Loss 7.311
Epoch 0 Step 2481 Loss 8.149
Epoch 0 Step 2482 Loss 6.873
Epoch 0 Step 2483 Loss 6.236
Epoch 0 Step 2484 Loss 7.432
Epoch 0 Step 2485 Loss 7.702
Epoch 0 Step 2486 Loss 7.637
Epoch 0 Step 2487 Loss 7.166
Epoch 0 Step 2488 Loss 7.228
Epoch 0 Step 2489 Loss 6.485
Epoch 0 Step 2490 Loss 8.291
Epoch 0 Step 2491 Loss 6.613
Epoch 0 Step 2492 Loss 7.096
Epoch 0 Step 2493 Loss 7.666
Epoch 0 Step 2494 Loss 6.706
Epoch 0 Step 2495 Loss 7.801
Epoch 0 Step 2496 Loss 7.152
Epoch 0 Step 2497 Loss 7.156
Epoch 0 Step 2498 Loss 6.133
Epoch 0 Step 2499 Loss 6.127
Epoch 0 Step 2500 Loss 7.656
Epoch 0 Step 2501 Loss 7.428
Epoch 0 Step 2502 Loss 7.269
Epoch 0 Step 2503 Loss 7.609
Epoch 0 Step 2504 Loss 7.752
Epoch 0 Step 2505 Loss 6.940
Epoch 0 Step 2506 Loss 7.225
Epoch 0 Step 2507 Loss 7.682
Epoch 0 Step 2508 Loss 7.713
Epoch 0 Step 2509 Loss 7.033
Epoch 0 Step 2510 Loss 7.709
Epoch 0 Step 2511 Loss 7.092
Epoch 0 Step 2512 Loss 6.468
Epoch 0 Step 2513 Loss 7.491
Epoch 0 Step 2514 Loss 6.936
Epoch 0 Step 2515 Loss 7.525
Epoch 0 Step 2516 Loss 6.101
Epoch 0 Step 2517 Loss 7.265
Epoch 0 Step 2518 Loss 7.284
Epoch 0 Step 2519 Loss 7.179
Epoch 0 Step 2520 Loss 7.847
Epoch 0 Step 2521 Loss 6.954
Epoch 0 Step 2522 Loss 6.116
Epoch 0 Step 2523 Loss 7.042
Epoch 0 Step 2524 Loss 7.477
Epoch 0 Step 2525 Loss 7.734
Epoch 0 Step 2526 Loss 6.902
Epoch 0 Step 2527 Loss 7.843
Epoch 0 Step 2528 Loss 6.963
Epoch 0 Step 2529 Loss 7.280
Epoch 0 Step 2530 Loss 6.914
Epoch 0 Step 2531 Loss 6.659
Epoch 0 Step 2532 Loss 6.990
Epoch 0 Step 2533 Loss 7.424
Epoch 0 Step 2534 Loss 7.657
Epoch 0 Step 2535 Loss 9.003
Epoch 0 Step 2536 Loss 7.687
Epoch 0 Step 2537 Loss 6.888
Epoch 0 Step 2538 Loss 7.396
Epoch 0 Step 2539 Loss 5.576
Epoch 0 Step 2540 Loss 5.444
Epoch 0 Step 2541 Loss 7.608
Epoch 0 Step 2542 Loss 6.413
Epoch 0 Step 2543 Loss 6.106
Epoch 0 Step 2544 Loss 5.010
Epoch 0 Step 2545 Loss 7.785
Epoch 0 Step 2546 Loss 6.956
Epoch 0 Step 2547 Loss 7.260
Epoch 0 Step 2548 Loss 8.175
Epoch 0 Step 2549 Loss 7.609
Epoch 0 Step 2550 Loss 7.369
Epoch 0 Step 2551 Loss 7.668
Epoch 0 Step 2552 Loss 7.577
Epoch 0 Step 2553 Loss 7.369
Epoch 0 Step 2554 Loss 6.870
Epoch 0 Step 2555 Loss 7.818
Epoch 0 Step 2556 Loss 7.014
Epoch 0 Step 2557 Loss 6.926
Epoch 0 Step 2558 Loss 7.680
Epoch 0 Step 2559 Loss 7.089
Epoch 0 Step 2560 Loss 7.411
Epoch 0 Step 2561 Loss 7.645
Epoch 0 Step 2562 Loss 5.953
Epoch 0 Step 2563 Loss 6.639
Epoch 0 Step 2564 Loss 7.037
Epoch 0 Step 2565 Loss 6.778
Epoch 0 Step 2566 Loss 6.040
Epoch 0 Step 2567 Loss 6.702
Epoch 0 Step 2568 Loss 6.539
Epoch 0 Step 2569 Loss 6.653
Epoch 0 Step 2570 Loss 7.634
Epoch 0 Step 2571 Loss 8.116
Epoch 0 Step 2572 Loss 8.159
Epoch 0 Step 2573 Loss 7.850
Epoch 0 Step 2574 Loss 7.510
Epoch 0 Step 2575 Loss 7.718
Epoch 0 Step 2576 Loss 7.692
Epoch 0 Step 2577 Loss 6.454
Epoch 0 Step 2578 Loss 6.940
Epoch 0 Step 2579 Loss 7.702
Epoch 0 Step 2580 Loss 7.551
Epoch 0 Step 2581 Loss 7.457
Epoch 0 Step 2582 Loss 7.533
Epoch 0 Step 2583 Loss 5.369
Epoch 0 Step 2584 Loss 6.596
Epoch 0 Step 2585 Loss 6.007
Epoch 0 Step 2586 Loss 7.614
Epoch 0 Step 2587 Loss 7.653
Epoch 0 Step 2588 Loss 6.780
Epoch 0 Step 2589 Loss 6.984
Epoch 0 Step 2590 Loss 7.514
Epoch 0 Step 2591 Loss 7.849
Epoch 0 Step 2592 Loss 7.437
Epoch 0 Step 2593 Loss 7.660
Epoch 0 Step 2594 Loss 7.381
Epoch 0 Step 2595 Loss 6.811
Epoch 0 Step 2596 Loss 7.454
Epoch 0 Step 2597 Loss 7.686
Epoch 0 Step 2598 Loss 7.236
Epoch 0 Step 2599 Loss 7.185
Epoch 0 Step 2600 Loss 7.340
Epoch 0 Step 2601 Loss 7.926
Epoch 0 Step 2602 Loss 7.075
Epoch 0 Step 2603 Loss 7.488
Epoch 0 Step 2604 Loss 7.437
Epoch 0 Step 2605 Loss 7.642
Epoch 0 Step 2606 Loss 7.693
Epoch 0 Step 2607 Loss 7.614
Epoch 0 Step 2608 Loss 7.678
Epoch 0 Step 2609 Loss 7.084
Epoch 0 Step 2610 Loss 6.652
Epoch 0 Step 2611 Loss 6.869
Epoch 0 Step 2612 Loss 7.261
Epoch 0 Step 2613 Loss 7.127
Epoch 0 Step 2614 Loss 7.744
Epoch 0 Step 2615 Loss 7.077
Epoch 0 Step 2616 Loss 8.032
Epoch 0 Step 2617 Loss 7.018
Epoch 0 Step 2618 Loss 7.691
Epoch 0 Step 2619 Loss 7.115
Epoch 0 Step 2620 Loss 7.505
Epoch 0 Step 2621 Loss 6.785
Epoch 0 Step 2622 Loss 7.239
Epoch 0 Step 2623 Loss 6.767
Epoch 0 Step 2624 Loss 6.485
Epoch 0 Step 2625 Loss 8.017
Epoch 0 Step 2626 Loss 7.365
Epoch 0 Step 2627 Loss 7.354
Epoch 0 Step 2628 Loss 7.625
Epoch 0 Step 2629 Loss 8.102
Epoch 0 Step 2630 Loss 7.413
Epoch 0 Step 2631 Loss 7.006
Epoch 0 Step 2632 Loss 7.730
Epoch 0 Step 2633 Loss 7.442
Epoch 0 Step 2634 Loss 6.858
Epoch 0 Step 2635 Loss 7.581
Epoch 0 Step 2636 Loss 7.633
Epoch 0 Step 2637 Loss 7.301
Epoch 0 Step 2638 Loss 7.488
Epoch 0 Step 2639 Loss 7.474
Epoch 0 Step 2640 Loss 6.606
Epoch 0 Step 2641 Loss 7.426
Epoch 0 Step 2642 Loss 7.513
Epoch 0 Step 2643 Loss 7.456
Epoch 0 Step 2644 Loss 6.716
Epoch 0 Step 2645 Loss 7.454
Epoch 0 Step 2646 Loss 7.644
Epoch 0 Step 2647 Loss 7.210
Epoch 0 Step 2648 Loss 6.961
Epoch 0 Step 2649 Loss 7.463
Epoch 0 Step 2650 Loss 7.160
Epoch 0 Step 2651 Loss 6.648
Epoch 0 Step 2652 Loss 5.642
Epoch 0 Step 2653 Loss 6.732
Epoch 0 Step 2654 Loss 6.852
Epoch 0 Step 2655 Loss 8.096
Epoch 0 Step 2656 Loss 8.085
Epoch 0 Step 2657 Loss 7.481
Epoch 0 Step 2658 Loss 6.602
Epoch 0 Step 2659 Loss 7.469
Epoch 0 Step 2660 Loss 6.801
Epoch 0 Step 2661 Loss 7.580
Epoch 0 Step 2662 Loss 7.085
Epoch 0 Step 2663 Loss 7.580
Epoch 0 Step 2664 Loss 7.239
Epoch 0 Step 2665 Loss 7.917
Epoch 0 Step 2666 Loss 7.324
Epoch 0 Step 2667 Loss 7.470
Epoch 0 Step 2668 Loss 7.266
Epoch 0 Step 2669 Loss 7.145
Epoch 0 Step 2670 Loss 7.516
Epoch 0 Step 2671 Loss 7.234
Epoch 0 Step 2672 Loss 7.357
Epoch 0 Step 2673 Loss 7.670
Epoch 0 Step 2674 Loss 7.825
Epoch 0 Step 2675 Loss 6.944
Epoch 0 Step 2676 Loss 6.792
Epoch 0 Step 2677 Loss 7.582
Epoch 0 Step 2678 Loss 7.517
Epoch 0 Step 2679 Loss 7.953
Epoch 0 Step 2680 Loss 7.577
Epoch 0 Step 2681 Loss 7.191
Epoch 0 Step 2682 Loss 6.855
Epoch 0 Step 2683 Loss 7.600
Epoch 0 Step 2684 Loss 7.446
Epoch 0 Step 2685 Loss 6.697
Epoch 0 Step 2686 Loss 7.937
Epoch 0 Step 2687 Loss 7.815
Epoch 0 Step 2688 Loss 7.429
Epoch 0 Step 2689 Loss 7.071
Epoch 0 Step 2690 Loss 7.147
Epoch 0 Step 2691 Loss 7.379
Epoch 0 Step 2692 Loss 7.346
Epoch 0 Step 2693 Loss 6.057
Epoch 0 Step 2694 Loss 7.362
Epoch 0 Step 2695 Loss 7.507
Epoch 0 Step 2696 Loss 7.152
Epoch 0 Step 2697 Loss 7.336
Epoch 0 Step 2698 Loss 7.354
Epoch 0 Step 2699 Loss 7.667
Epoch 0 Step 2700 Loss 7.800
Epoch 0 Step 2701 Loss 7.245
Epoch 0 Step 2702 Loss 6.735
Epoch 0 Step 2703 Loss 7.309
Epoch 0 Step 2704 Loss 7.145
Epoch 0 Step 2705 Loss 7.368
Epoch 0 Step 2706 Loss 7.112
Epoch 0 Step 2707 Loss 6.858
Epoch 0 Step 2708 Loss 7.754
Epoch 0 Step 2709 Loss 7.344
Epoch 0 Step 2710 Loss 6.357
Epoch 0 Step 2711 Loss 5.812
Epoch 0 Step 2712 Loss 6.611
Epoch 0 Step 2713 Loss 7.008
Epoch 0 Step 2714 Loss 7.084
Epoch 0 Step 2715 Loss 7.703
Epoch 0 Step 2716 Loss 7.158
Epoch 0 Step 2717 Loss 7.220
Epoch 0 Step 2718 Loss 7.310
Epoch 0 Step 2719 Loss 6.844
Epoch 0 Step 2720 Loss 6.499
Epoch 0 Step 2721 Loss 7.060
Epoch 0 Step 2722 Loss 8.171
Epoch 0 Step 2723 Loss 6.892
Epoch 0 Step 2724 Loss 7.526
Epoch 0 Step 2725 Loss 7.943
Epoch 0 Step 2726 Loss 7.414
Epoch 0 Step 2727 Loss 7.147
Epoch 0 Step 2728 Loss 6.569
Epoch 0 Step 2729 Loss 7.945
Epoch 0 Step 2730 Loss 6.902
Epoch 0 Step 2731 Loss 7.529
Epoch 0 Step 2732 Loss 6.981
Epoch 0 Step 2733 Loss 7.238
Epoch 0 Step 2734 Loss 6.946
Epoch 0 Step 2735 Loss 7.019
Epoch 0 Step 2736 Loss 7.551
Epoch 0 Step 2737 Loss 7.868
Epoch 0 Step 2738 Loss 7.457
Epoch 0 Step 2739 Loss 6.364
Epoch 0 Step 2740 Loss 7.085
Epoch 0 Step 2741 Loss 7.153
Epoch 0 Step 2742 Loss 8.021
Epoch 0 Step 2743 Loss 7.050
